Using pre-set license
Built from '2021.1/staging' branch; Version is '2021.1.12f1 (afcadd793de6) revision 11520733'; Using compiler version '192528614'; Build Type 'Release'
OS: 'Windows 10 Pro; OS build 19043.1645; Version 2009; 64bit' Language: 'en' Physical Memory: 8125 MB
BatchMode: 1, IsHumanControllingUs: 0, StartBugReporterOnCrash: 0, Is64bit: 1, IsPro: 0

 COMMAND LINE ARGUMENTS:
C:\Program Files\Unity\Hub\Editor\2021.1.12f1\Editor\Unity.exe
-adb2
-batchMode
-noUpm
-name
AssetImportWorker0
-projectPath
C:/Users/Matt/Documents/GitHub/Espion-Action/GrappleHook
-logFile
Logs/AssetImportWorker0.log
-srvPort
59264
Successfully changed project path to: C:/Users/Matt/Documents/GitHub/Espion-Action/GrappleHook
C:/Users/Matt/Documents/GitHub/Espion-Action/GrappleHook
Using Asset Import Pipeline V2.
Refreshing native plugins compatible for Editor in 84.48 ms, found 3 plugins.
Preloading 0 native plugins for Editor in 0.00 ms.
Initialize engine version: 2021.1.12f1 (afcadd793de6)
[Subsystems] Discovering subsystems at path C:/Program Files/Unity/Hub/Editor/2021.1.12f1/Editor/Data/Resources/UnitySubsystems
[Subsystems] Discovering subsystems at path C:/Users/Matt/Documents/GitHub/Espion-Action/GrappleHook/Assets
GfxDevice: creating device client; threaded=0; jobified=0
Direct3D:
    Version:  Direct3D 11.0 [level 11.1]
    Renderer: NVIDIA GeForce GTX 1050 (ID=0x1c81)
    Vendor:   NVIDIA
    VRAM:     1977 MB
    Driver:   30.0.15.1165
Initialize mono
Mono path[0] = 'C:/Program Files/Unity/Hub/Editor/2021.1.12f1/Editor/Data/Managed'
Mono path[1] = 'C:/Program Files/Unity/Hub/Editor/2021.1.12f1/Editor/Data/MonoBleedingEdge/lib/mono/unityjit'
Mono config path = 'C:/Program Files/Unity/Hub/Editor/2021.1.12f1/Editor/Data/MonoBleedingEdge/etc'
Using monoOptions --debugger-agent=transport=dt_socket,embedding=1,server=y,suspend=n,address=127.0.0.1:56980
Begin MonoManager ReloadAssembly
Registering precompiled unity dll's ...
Register platform support module: C:/Program Files/Unity/Hub/Editor/2021.1.12f1/Editor/Data/PlaybackEngines/WindowsStandaloneSupport/UnityEditor.WindowsStandalone.Extensions.dll
Registered in 0.002053 seconds.
Native extension for WindowsStandalone target not found
Refreshing native plugins compatible for Editor in 80.20 ms, found 3 plugins.
Preloading 0 native plugins for Editor in 0.00 ms.
Mono: successfully reloaded assembly
- Completed reload, in  2.333 seconds
Domain Reload Profiling:
	ReloadAssembly (2334ms)
		BeginReloadAssembly (54ms)
			ExecutionOrderSort (0ms)
			DisableScriptedObjects (0ms)
			BackupInstance (0ms)
			ReleaseScriptingObjects (0ms)
			CreateAndSetChildDomain (1ms)
		EndReloadAssembly (468ms)
			LoadAssemblies (52ms)
			RebuildTransferFunctionScriptingTraits (0ms)
			SetupTypeCache (160ms)
			ReleaseScriptCaches (0ms)
			RebuildScriptCaches (39ms)
			SetupLoadedEditorAssemblies (220ms)
				LogAssemblyErrors (0ms)
				InitializePlatformSupportModulesInManaged (6ms)
				SetLoadedEditorAssemblies (0ms)
				RefreshPlugins (80ms)
				BeforeProcessingInitializeOnLoad (2ms)
				ProcessInitializeOnLoadAttributes (102ms)
				ProcessInitializeOnLoadMethodAttributes (29ms)
				AfterProcessingInitializeOnLoad (0ms)
				EditorAssembliesLoaded (0ms)
			ExecutionOrderSort2 (0ms)
			AwakeInstancesAfterBackupRestoration (0ms)
Platform modules already initialized, skipping
Registering precompiled user dll's ...
Registered in 0.012046 seconds.
Begin MonoManager ReloadAssembly
Symbol file LoadedFromMemory doesn't match image C:\Users\Matt\Documents\GitHub\Espion-Action\GrappleHook\Library\PackageCache\com.unity.visualscripting@1.6.1\Editor\VisualScripting.Core\Dependencies\YamlDotNet\Unity.VisualScripting.YamlDotNet.dll
Symbol file LoadedFromMemory doesn't match image C:\Users\Matt\Documents\GitHub\Espion-Action\GrappleHook\Library\PackageCache\com.unity.visualscripting@1.6.1\Editor\VisualScripting.Core\Dependencies\DotNetZip\Unity.VisualScripting.IonicZip.dll
Native extension for WindowsStandalone target not found
Refreshing native plugins compatible for Editor in 0.69 ms, found 3 plugins.
Preloading 0 native plugins for Editor in 0.00 ms.
Mono: successfully reloaded assembly
- Completed reload, in  1.183 seconds
Domain Reload Profiling:
	ReloadAssembly (1183ms)
		BeginReloadAssembly (152ms)
			ExecutionOrderSort (0ms)
			DisableScriptedObjects (5ms)
			BackupInstance (0ms)
			ReleaseScriptingObjects (0ms)
			CreateAndSetChildDomain (20ms)
		EndReloadAssembly (969ms)
			LoadAssemblies (96ms)
			RebuildTransferFunctionScriptingTraits (0ms)
			SetupTypeCache (348ms)
			ReleaseScriptCaches (1ms)
			RebuildScriptCaches (60ms)
			SetupLoadedEditorAssemblies (366ms)
				LogAssemblyErrors (0ms)
				InitializePlatformSupportModulesInManaged (5ms)
				SetLoadedEditorAssemblies (0ms)
				RefreshPlugins (1ms)
				BeforeProcessingInitializeOnLoad (85ms)
				ProcessInitializeOnLoadAttributes (259ms)
				ProcessInitializeOnLoadMethodAttributes (8ms)
				AfterProcessingInitializeOnLoad (8ms)
				EditorAssembliesLoaded (0ms)
			ExecutionOrderSort2 (0ms)
			AwakeInstancesAfterBackupRestoration (7ms)
Platform modules already initialized, skipping
========================================================================
Worker process is ready to serve import requests
Launched and connected shader compiler UnityShaderCompiler.exe after 0.04 seconds
Refreshing native plugins compatible for Editor in 0.68 ms, found 3 plugins.
Preloading 0 native plugins for Editor in 0.00 ms.
Unloading 3445 Unused Serialized files (Serialized files now loaded: 0)
System memory in use before: 128.1 MB.
System memory in use after: 128.3 MB.

Unloading 26 unused Assets to reduce memory usage. Loaded Objects now: 3890.
Total: 2.743600 ms (FindLiveObjects: 0.263200 ms CreateObjectMapping: 0.163400 ms MarkObjects: 2.212400 ms  DeleteObjects: 0.103600 ms)

AssetImportParameters requested are different than current active one (requested -> active):
  custom:framework-win-MediaFoundation: 216162199b28c13a410421893ffa2e32 -> 
  custom:video-decoder-ogg-theora: a1e56fd34408186e4bbccfd4996cb3dc -> 
  custom:container-muxer-webm: aa71ff27fc2769a1b78a27578f13a17b -> 
  custom:container-demuxer-webm: 4f35f7cbe854078d1ac9338744f61a02 -> 
  custom:container-demuxer-ogg: 62fdf1f143b41e24485cea50d1cbac27 -> 
  custom:video-encoder-webm-vp8: eb34c28f22e8b96e1ab97ce403110664 -> 
  custom:video-decoder-webm-vp8: 9c59270c3fd7afecdb556c50c9e8de78 -> 
  custom:audio-decoder-ogg-vorbis: bf7c407c2cedff20999df2af8eb42d56 -> 
  custom:audio-encoder-webm-vorbis: bf7c407c2cedff20999df2af8eb42d56 -> 
========================================================================
Received Import Request.
  path: Assets/Prefabs/Model/Materials/BriefCaseAirJump.fbx
  artifactKey: Guid(bf786180d06820544bf4010adc3b03f4) Importer(815301076,1909f56bfc062723c751e8b465ee728b)
Start importing Assets/Prefabs/Model/Materials/BriefCaseAirJump.fbx using Guid(bf786180d06820544bf4010adc3b03f4) Importer(815301076,1909f56bfc062723c751e8b465ee728b)  -> (artifact id: 'eb3bd9a0e1c6618792710f2d46eff8b5') in 0.208220 seconds 
========================================================================
Received Import Request.
  Time since last request: 0.000275 seconds.
  path: Assets/Prefabs/Model/Materials/AirJump.fbx
  artifactKey: Guid(9c5d5d6d6de6c58418655f1f99fbd588) Importer(815301076,1909f56bfc062723c751e8b465ee728b)
Start importing Assets/Prefabs/Model/Materials/AirJump.fbx using Guid(9c5d5d6d6de6c58418655f1f99fbd588) Importer(815301076,1909f56bfc062723c751e8b465ee728b)  -> (artifact id: 'e80f8d1d63023bc26a06501886b1440a') in 0.038475 seconds 
========================================================================
Received Import Request.
  Time since last request: 0.000274 seconds.
  path: Assets/Prefabs/Model/Materials/AirGrappleStart.fbx
  artifactKey: Guid(788b3b930d44bf44cb16ca3c02edbfa2) Importer(815301076,1909f56bfc062723c751e8b465ee728b)
Start importing Assets/Prefabs/Model/Materials/AirGrappleStart.fbx using Guid(788b3b930d44bf44cb16ca3c02edbfa2) Importer(815301076,1909f56bfc062723c751e8b465ee728b)  -> (artifact id: '742734ffdb02758c7161cfe9e621362c') in 0.035173 seconds 
========================================================================
Received Import Request.
  Time since last request: 0.000238 seconds.
  path: Assets/Prefabs/Model/Materials/BriefCaseFalling.fbx
  artifactKey: Guid(0b5d3b2f641dc5c44bc6da5fa318c47f) Importer(815301076,1909f56bfc062723c751e8b465ee728b)
Start importing Assets/Prefabs/Model/Materials/BriefCaseFalling.fbx using Guid(0b5d3b2f641dc5c44bc6da5fa318c47f) Importer(815301076,1909f56bfc062723c751e8b465ee728b)  -> (artifact id: '043ee22327c86207b584a1fc6eb4f693') in 0.034322 seconds 
========================================================================
Received Import Request.
  Time since last request: 0.000233 seconds.
  path: Assets/Prefabs/Model/Materials/Falling.fbx
  artifactKey: Guid(72fc3fd8224008c42a2bdb60d41863fe) Importer(815301076,1909f56bfc062723c751e8b465ee728b)
Start importing Assets/Prefabs/Model/Materials/Falling.fbx using Guid(72fc3fd8224008c42a2bdb60d41863fe) Importer(815301076,1909f56bfc062723c751e8b465ee728b)  -> (artifact id: '6639a1858aaf8ecfbd6b48a8ad4e1d3d') in 0.037722 seconds 
========================================================================
Received Import Request.
  Time since last request: 0.000205 seconds.
  path: Assets/Prefabs/Model/Materials/AirGrapple.fbx
  artifactKey: Guid(915bef7a49e20164181ab926852d1846) Importer(815301076,1909f56bfc062723c751e8b465ee728b)
Start importing Assets/Prefabs/Model/Materials/AirGrapple.fbx using Guid(915bef7a49e20164181ab926852d1846) Importer(815301076,1909f56bfc062723c751e8b465ee728b)  -> (artifact id: 'deca50b13e0861c90cb33f405f3a0a46') in 0.034706 seconds 
========================================================================
Received Import Request.
  Time since last request: 0.260317 seconds.
  path: Assets/Prefabs/Model/Materials/Take 001.anim
  artifactKey: Guid(0d67a3655d3229541b2a53c1721437e3) Importer(815301076,1909f56bfc062723c751e8b465ee728b)
Start importing Assets/Prefabs/Model/Materials/Take 001.anim using Guid(0d67a3655d3229541b2a53c1721437e3) Importer(815301076,1909f56bfc062723c751e8b465ee728b)  -> (artifact id: '1d774a2b35ad642e700c0dcbce8eed7d') in 0.016725 seconds 
========================================================================
Received Import Request.
  Time since last request: 9.456658 seconds.
  path: Assets/Prefabs/Model/Materials/AirGrapple.anim
  artifactKey: Guid(0d67a3655d3229541b2a53c1721437e3) Importer(815301076,1909f56bfc062723c751e8b465ee728b)
Start importing Assets/Prefabs/Model/Materials/AirGrapple.anim using Guid(0d67a3655d3229541b2a53c1721437e3) Importer(815301076,1909f56bfc062723c751e8b465ee728b)  -> (artifact id: '832e57e994cf5acd87903c4801b4fa84') in 0.011254 seconds 
========================================================================
Received Import Request.
  Time since last request: 8.291105 seconds.
  path: Assets/Prefabs/Model/Materials/Take 001.anim
  artifactKey: Guid(3f23ded2e01e87041bf60c29b678dba1) Importer(815301076,1909f56bfc062723c751e8b465ee728b)
Start importing Assets/Prefabs/Model/Materials/Take 001.anim using Guid(3f23ded2e01e87041bf60c29b678dba1) Importer(815301076,1909f56bfc062723c751e8b465ee728b)  -> (artifact id: 'bddcd8d18f86e334b314464b0d75a7d9') in 0.008340 seconds 
========================================================================
Received Import Request.
  Time since last request: 7.677280 seconds.
  path: Assets/Prefabs/Model/Materials/AirGrappleStart.anim
  artifactKey: Guid(3f23ded2e01e87041bf60c29b678dba1) Importer(815301076,1909f56bfc062723c751e8b465ee728b)
Start importing Assets/Prefabs/Model/Materials/AirGrappleStart.anim using Guid(3f23ded2e01e87041bf60c29b678dba1) Importer(815301076,1909f56bfc062723c751e8b465ee728b)  -> (artifact id: '8153d510ee3accbec7dfafc0560b8526') in 0.007987 seconds 
========================================================================
Received Import Request.
  Time since last request: 6.403660 seconds.
  path: Assets/Prefabs/Model/Materials/Take 001.anim
  artifactKey: Guid(9aa15d4c34e381f449bbc163a7ce7b84) Importer(815301076,1909f56bfc062723c751e8b465ee728b)
Start importing Assets/Prefabs/Model/Materials/Take 001.anim using Guid(9aa15d4c34e381f449bbc163a7ce7b84) Importer(815301076,1909f56bfc062723c751e8b465ee728b)  -> (artifact id: 'b83b5075578f9ef030a1865591abe049') in 0.008595 seconds 
========================================================================
Received Import Request.
  Time since last request: 6.676906 seconds.
  path: Assets/Prefabs/Model/Materials/AirJump.anim
  artifactKey: Guid(9aa15d4c34e381f449bbc163a7ce7b84) Importer(815301076,1909f56bfc062723c751e8b465ee728b)
Start importing Assets/Prefabs/Model/Materials/AirJump.anim using Guid(9aa15d4c34e381f449bbc163a7ce7b84) Importer(815301076,1909f56bfc062723c751e8b465ee728b)  -> (artifact id: 'ae5187086cbbaf2534a9636d46aed462') in 0.008113 seconds 
========================================================================
Received Import Request.
  Time since last request: 6.526768 seconds.
  path: Assets/Prefabs/Model/Materials/Take 001.anim
  artifactKey: Guid(573e30517ccc38a4c9bb4d604606cb15) Importer(815301076,1909f56bfc062723c751e8b465ee728b)
Start importing Assets/Prefabs/Model/Materials/Take 001.anim using Guid(573e30517ccc38a4c9bb4d604606cb15) Importer(815301076,1909f56bfc062723c751e8b465ee728b)  -> (artifact id: '704381aa3c590994050dcaa719415899') in 0.008037 seconds 
========================================================================
Received Import Request.
  Time since last request: 6.695569 seconds.
  path: Assets/Prefabs/Model/Materials/BriefCaseAirJump.anim
  artifactKey: Guid(573e30517ccc38a4c9bb4d604606cb15) Importer(815301076,1909f56bfc062723c751e8b465ee728b)
Start importing Assets/Prefabs/Model/Materials/BriefCaseAirJump.anim using Guid(573e30517ccc38a4c9bb4d604606cb15) Importer(815301076,1909f56bfc062723c751e8b465ee728b)  -> (artifact id: '450c037808bf7acbe3534d076cd4904f') in 0.006862 seconds 
========================================================================
Received Import Request.
  Time since last request: 5.961340 seconds.
  path: Assets/Prefabs/Model/Materials/Take 001.anim
  artifactKey: Guid(467a9d3ed63654c46ad791b77b7f899d) Importer(815301076,1909f56bfc062723c751e8b465ee728b)
Start importing Assets/Prefabs/Model/Materials/Take 001.anim using Guid(467a9d3ed63654c46ad791b77b7f899d) Importer(815301076,1909f56bfc062723c751e8b465ee728b)  -> (artifact id: '2edeaa767352ba96bf92ae8c50572734') in 0.007675 seconds 
========================================================================
Received Import Request.
  Time since last request: 10.690342 seconds.
  path: Assets/Prefabs/Model/Materials/BriefCaseFalling.anim
  artifactKey: Guid(467a9d3ed63654c46ad791b77b7f899d) Importer(815301076,1909f56bfc062723c751e8b465ee728b)
Start importing Assets/Prefabs/Model/Materials/BriefCaseFalling.anim using Guid(467a9d3ed63654c46ad791b77b7f899d) Importer(815301076,1909f56bfc062723c751e8b465ee728b)  -> (artifact id: '8eeded17e2cb518e5b5bdbb43786c479') in 0.007961 seconds 
========================================================================
Received Import Request.
  Time since last request: 4.956183 seconds.
  path: Assets/Prefabs/Model/Materials/Take 001.anim
  artifactKey: Guid(8af86fa2441da2149934805ea15ca301) Importer(815301076,1909f56bfc062723c751e8b465ee728b)
Start importing Assets/Prefabs/Model/Materials/Take 001.anim using Guid(8af86fa2441da2149934805ea15ca301) Importer(815301076,1909f56bfc062723c751e8b465ee728b)  -> (artifact id: 'b2e54cafc3616631f4ef6feb92fe32dc') in 0.009357 seconds 
========================================================================
Received Import Request.
  Time since last request: 4.463361 seconds.
  path: Assets/Prefabs/Model/Materials/Falling.anim
  artifactKey: Guid(8af86fa2441da2149934805ea15ca301) Importer(815301076,1909f56bfc062723c751e8b465ee728b)
Start importing Assets/Prefabs/Model/Materials/Falling.anim using Guid(8af86fa2441da2149934805ea15ca301) Importer(815301076,1909f56bfc062723c751e8b465ee728b)  -> (artifact id: '93d5f69c039b783f057e931c3fa629d2') in 0.009208 seconds 
========================================================================
Received Import Request.
  Time since last request: 46.412247 seconds.
  path: Assets/Animations/AirGrapple.anim
  artifactKey: Guid(ab9454c733ec0ca45a8d5ca12b710f9e) Importer(815301076,1909f56bfc062723c751e8b465ee728b)
Start importing Assets/Animations/AirGrapple.anim using Guid(ab9454c733ec0ca45a8d5ca12b710f9e) Importer(815301076,1909f56bfc062723c751e8b465ee728b)  -> (artifact id: '57b2057912d2d9752b64bdb9df2c94bb') in 0.014322 seconds 
========================================================================
Received Import Request.
  Time since last request: 7.510022 seconds.
  path: Assets/Animations/AirJump.anim
  artifactKey: Guid(7050d9561604a7941a0824774248371a) Importer(815301076,1909f56bfc062723c751e8b465ee728b)
Start importing Assets/Animations/AirJump.anim using Guid(7050d9561604a7941a0824774248371a) Importer(815301076,1909f56bfc062723c751e8b465ee728b)  -> (artifact id: '4856ed545f32e9404a4a82a36177480e') in 0.009502 seconds 
========================================================================
Received Import Request.
  Time since last request: 2.082459 seconds.
  path: Assets/Animations/BriefCaseAirJump.anim
  artifactKey: Guid(19578f902f0a6ba419e0dba7386ba7b6) Importer(815301076,1909f56bfc062723c751e8b465ee728b)
Start importing Assets/Animations/BriefCaseAirJump.anim using Guid(19578f902f0a6ba419e0dba7386ba7b6) Importer(815301076,1909f56bfc062723c751e8b465ee728b)  -> (artifact id: 'c3f69ffece781b6735df9ac8cc9bdee8') in 0.008253 seconds 
========================================================================
Received Import Request.
  Time since last request: 8.914261 seconds.
  path: Assets/Animations/Falling.anim
  artifactKey: Guid(5e9fed53aea54b54babe0f0454cd15fc) Importer(815301076,1909f56bfc062723c751e8b465ee728b)
Start importing Assets/Animations/Falling.anim using Guid(5e9fed53aea54b54babe0f0454cd15fc) Importer(815301076,1909f56bfc062723c751e8b465ee728b)  -> (artifact id: '251d84438e608efa39f51f06d813078f') in 0.010334 seconds 
========================================================================
Received Prepare
Registering precompiled user dll's ...
Registered in 0.007661 seconds.
Begin MonoManager ReloadAssembly
Symbol file LoadedFromMemory doesn't match image C:\Users\Matt\Documents\GitHub\Espion-Action\GrappleHook\Library\PackageCache\com.unity.visualscripting@1.6.1\Editor\VisualScripting.Core\Dependencies\YamlDotNet\Unity.VisualScripting.YamlDotNet.dll
Symbol file LoadedFromMemory doesn't match image C:\Users\Matt\Documents\GitHub\Espion-Action\GrappleHook\Library\PackageCache\com.unity.visualscripting@1.6.1\Editor\VisualScripting.Core\Dependencies\DotNetZip\Unity.VisualScripting.IonicZip.dll
Native extension for WindowsStandalone target not found
Refreshing native plugins compatible for Editor in 0.95 ms, found 3 plugins.
Preloading 0 native plugins for Editor in 0.00 ms.
Mono: successfully reloaded assembly
- Completed reload, in  1.278 seconds
Domain Reload Profiling:
	ReloadAssembly (1279ms)
		BeginReloadAssembly (139ms)
			ExecutionOrderSort (0ms)
			DisableScriptedObjects (5ms)
			BackupInstance (0ms)
			ReleaseScriptingObjects (0ms)
			CreateAndSetChildDomain (47ms)
		EndReloadAssembly (1069ms)
			LoadAssemblies (108ms)
			RebuildTransferFunctionScriptingTraits (0ms)
			SetupTypeCache (415ms)
			ReleaseScriptCaches (1ms)
			RebuildScriptCaches (57ms)
			SetupLoadedEditorAssemblies (374ms)
				LogAssemblyErrors (0ms)
				InitializePlatformSupportModulesInManaged (6ms)
				SetLoadedEditorAssemblies (1ms)
				RefreshPlugins (1ms)
				BeforeProcessingInitializeOnLoad (74ms)
				ProcessInitializeOnLoadAttributes (276ms)
				ProcessInitializeOnLoadMethodAttributes (8ms)
				AfterProcessingInitializeOnLoad (8ms)
				EditorAssembliesLoaded (0ms)
			ExecutionOrderSort2 (0ms)
			AwakeInstancesAfterBackupRestoration (8ms)
Platform modules already initialized, skipping
Refreshing native plugins compatible for Editor in 0.86 ms, found 3 plugins.
Preloading 0 native plugins for Editor in 0.00 ms.
Unloading 3419 Unused Serialized files (Serialized files now loaded: 0)
System memory in use before: 144.3 MB.
System memory in use after: 144.5 MB.

Unloading 21 unused Assets to reduce memory usage. Loaded Objects now: 3904.
Total: 3.438200 ms (FindLiveObjects: 0.715300 ms CreateObjectMapping: 0.431100 ms MarkObjects: 2.265000 ms  DeleteObjects: 0.025300 ms)

AssetImportParameters requested are different than current active one (requested -> active):
  custom:framework-win-MediaFoundation: 216162199b28c13a410421893ffa2e32 -> 
  custom:video-decoder-ogg-theora: a1e56fd34408186e4bbccfd4996cb3dc -> 
  custom:container-muxer-webm: aa71ff27fc2769a1b78a27578f13a17b -> 
  custom:container-demuxer-webm: 4f35f7cbe854078d1ac9338744f61a02 -> 
  custom:container-demuxer-ogg: 62fdf1f143b41e24485cea50d1cbac27 -> 
  custom:video-encoder-webm-vp8: eb34c28f22e8b96e1ab97ce403110664 -> 
  custom:video-decoder-webm-vp8: 9c59270c3fd7afecdb556c50c9e8de78 -> 
  custom:audio-decoder-ogg-vorbis: bf7c407c2cedff20999df2af8eb42d56 -> 
  custom:audio-encoder-webm-vorbis: bf7c407c2cedff20999df2af8eb42d56 -> 
========================================================================
Received Prepare
Registering precompiled user dll's ...
Registered in 0.008096 seconds.
Begin MonoManager ReloadAssembly
Symbol file LoadedFromMemory doesn't match image C:\Users\Matt\Documents\GitHub\Espion-Action\GrappleHook\Library\PackageCache\com.unity.visualscripting@1.6.1\Editor\VisualScripting.Core\Dependencies\YamlDotNet\Unity.VisualScripting.YamlDotNet.dll
Symbol file LoadedFromMemory doesn't match image C:\Users\Matt\Documents\GitHub\Espion-Action\GrappleHook\Library\PackageCache\com.unity.visualscripting@1.6.1\Editor\VisualScripting.Core\Dependencies\DotNetZip\Unity.VisualScripting.IonicZip.dll
Native extension for WindowsStandalone target not found
Refreshing native plugins compatible for Editor in 0.85 ms, found 3 plugins.
Preloading 0 native plugins for Editor in 0.00 ms.
Mono: successfully reloaded assembly
- Completed reload, in  1.289 seconds
Domain Reload Profiling:
	ReloadAssembly (1290ms)
		BeginReloadAssembly (143ms)
			ExecutionOrderSort (0ms)
			DisableScriptedObjects (5ms)
			BackupInstance (0ms)
			ReleaseScriptingObjects (0ms)
			CreateAndSetChildDomain (45ms)
		EndReloadAssembly (1074ms)
			LoadAssemblies (111ms)
			RebuildTransferFunctionScriptingTraits (0ms)
			SetupTypeCache (407ms)
			ReleaseScriptCaches (1ms)
			RebuildScriptCaches (60ms)
			SetupLoadedEditorAssemblies (375ms)
				LogAssemblyErrors (0ms)
				InitializePlatformSupportModulesInManaged (7ms)
				SetLoadedEditorAssemblies (1ms)
				RefreshPlugins (1ms)
				BeforeProcessingInitializeOnLoad (76ms)
				ProcessInitializeOnLoadAttributes (274ms)
				ProcessInitializeOnLoadMethodAttributes (8ms)
				AfterProcessingInitializeOnLoad (8ms)
				EditorAssembliesLoaded (0ms)
			ExecutionOrderSort2 (0ms)
			AwakeInstancesAfterBackupRestoration (8ms)
Platform modules already initialized, skipping
Refreshing native plugins compatible for Editor in 1.06 ms, found 3 plugins.
Preloading 0 native plugins for Editor in 0.00 ms.
Unloading 3419 Unused Serialized files (Serialized files now loaded: 0)
System memory in use before: 144.3 MB.
System memory in use after: 144.6 MB.

Unloading 20 unused Assets to reduce memory usage. Loaded Objects now: 3907.
Total: 3.041900 ms (FindLiveObjects: 0.442300 ms CreateObjectMapping: 0.256900 ms MarkObjects: 2.315900 ms  DeleteObjects: 0.025100 ms)

AssetImportParameters requested are different than current active one (requested -> active):
  custom:framework-win-MediaFoundation: 216162199b28c13a410421893ffa2e32 -> 
  custom:video-decoder-ogg-theora: a1e56fd34408186e4bbccfd4996cb3dc -> 
  custom:container-muxer-webm: aa71ff27fc2769a1b78a27578f13a17b -> 
  custom:container-demuxer-webm: 4f35f7cbe854078d1ac9338744f61a02 -> 
  custom:container-demuxer-ogg: 62fdf1f143b41e24485cea50d1cbac27 -> 
  custom:video-encoder-webm-vp8: eb34c28f22e8b96e1ab97ce403110664 -> 
  custom:video-decoder-webm-vp8: 9c59270c3fd7afecdb556c50c9e8de78 -> 
  custom:audio-decoder-ogg-vorbis: bf7c407c2cedff20999df2af8eb42d56 -> 
  custom:audio-encoder-webm-vorbis: bf7c407c2cedff20999df2af8eb42d56 -> 
AssetImportWorkerClient::OnTransportError - code=2 error=End of file
