Using pre-set license
Built from '2021.1/staging' branch; Version is '2021.1.12f1 (afcadd793de6) revision 11520733'; Using compiler version '192528614'; Build Type 'Release'
OS: 'Windows 10 Enterprise N; OS build 19042.1706; Version 2009; 64bit' Language: 'en' Physical Memory: 16310 MB
BatchMode: 1, IsHumanControllingUs: 0, StartBugReporterOnCrash: 0, Is64bit: 1, IsPro: 0

 COMMAND LINE ARGUMENTS:
C:\Program Files\Unity\Hub\Editor\2021.1.12f1\Editor\Unity.exe
-adb2
-batchMode
-noUpm
-name
AssetImportWorker0
-projectPath
C:/Users/s1809503/Documents/GitHub/Espion-Action/GrappleHook
-logFile
Logs/AssetImportWorker0.log
-srvPort
52027
Successfully changed project path to: C:/Users/s1809503/Documents/GitHub/Espion-Action/GrappleHook
C:/Users/s1809503/Documents/GitHub/Espion-Action/GrappleHook
Using Asset Import Pipeline V2.
Refreshing native plugins compatible for Editor in 139.41 ms, found 3 plugins.
Preloading 0 native plugins for Editor in 0.00 ms.
Initialize engine version: 2021.1.12f1 (afcadd793de6)
[Subsystems] Discovering subsystems at path C:/Program Files/Unity/Hub/Editor/2021.1.12f1/Editor/Data/Resources/UnitySubsystems
[Subsystems] Discovering subsystems at path C:/Users/s1809503/Documents/GitHub/Espion-Action/GrappleHook/Assets
GfxDevice: creating device client; threaded=0; jobified=0
Direct3D:
    Version:  Direct3D 11.0 [level 11.1]
    Renderer: NVIDIA GeForce GTX 1050 Ti (ID=0x1c82)
    Vendor:   NVIDIA
    VRAM:     4018 MB
    Driver:   30.0.14.7141
Initialize mono
Mono path[0] = 'C:/Program Files/Unity/Hub/Editor/2021.1.12f1/Editor/Data/Managed'
Mono path[1] = 'C:/Program Files/Unity/Hub/Editor/2021.1.12f1/Editor/Data/MonoBleedingEdge/lib/mono/unityjit'
Mono config path = 'C:/Program Files/Unity/Hub/Editor/2021.1.12f1/Editor/Data/MonoBleedingEdge/etc'
Using monoOptions --debugger-agent=transport=dt_socket,embedding=1,server=y,suspend=n,address=127.0.0.1:56236
Begin MonoManager ReloadAssembly
Registering precompiled unity dll's ...
Register platform support module: C:/Program Files/Unity/Hub/Editor/2021.1.12f1/Editor/Data/PlaybackEngines/WebGLSupport/UnityEditor.WebGL.Extensions.dll
Register platform support module: C:/Program Files/Unity/Hub/Editor/2021.1.12f1/Editor/Data/PlaybackEngines/MacStandaloneSupport/UnityEditor.OSXStandalone.Extensions.dll
Register platform support module: C:/Program Files/Unity/Hub/Editor/2021.1.12f1/Editor/Data/PlaybackEngines/WindowsStandaloneSupport/UnityEditor.WindowsStandalone.Extensions.dll
Register platform support module: C:/Program Files/Unity/Hub/Editor/2021.1.12f1/Editor/Data/PlaybackEngines/LinuxStandaloneSupport/UnityEditor.LinuxStandalone.Extensions.dll
Register platform support module: C:/Program Files/Unity/Hub/Editor/2021.1.12f1/Editor/Data/PlaybackEngines/LuminSupport/UnityEditor.Lumin.Extensions.dll
Registered in 0.009357 seconds.
Native extension for Lumin target not found
Native extension for LinuxStandalone target not found
Native extension for WindowsStandalone target not found
Native extension for OSXStandalone target not found
Native extension for WebGL target not found
Refreshing native plugins compatible for Editor in 133.46 ms, found 3 plugins.
Preloading 0 native plugins for Editor in 0.00 ms.
Mono: successfully reloaded assembly
- Completed reload, in  2.782 seconds
Domain Reload Profiling:
	ReloadAssembly (2782ms)
		BeginReloadAssembly (176ms)
			ExecutionOrderSort (0ms)
			DisableScriptedObjects (0ms)
			BackupInstance (0ms)
			ReleaseScriptingObjects (0ms)
			CreateAndSetChildDomain (1ms)
		EndReloadAssembly (725ms)
			LoadAssemblies (179ms)
			RebuildTransferFunctionScriptingTraits (0ms)
			SetupTypeCache (262ms)
			ReleaseScriptCaches (0ms)
			RebuildScriptCaches (45ms)
			SetupLoadedEditorAssemblies (337ms)
				LogAssemblyErrors (0ms)
				InitializePlatformSupportModulesInManaged (15ms)
				SetLoadedEditorAssemblies (0ms)
				RefreshPlugins (134ms)
				BeforeProcessingInitializeOnLoad (1ms)
				ProcessInitializeOnLoadAttributes (142ms)
				ProcessInitializeOnLoadMethodAttributes (44ms)
				AfterProcessingInitializeOnLoad (0ms)
				EditorAssembliesLoaded (0ms)
			ExecutionOrderSort2 (0ms)
			AwakeInstancesAfterBackupRestoration (0ms)
Platform modules already initialized, skipping
Registering precompiled user dll's ...
Registered in 0.025143 seconds.
Begin MonoManager ReloadAssembly
Symbol file LoadedFromMemory doesn't match image C:\Users\s1809503\Documents\GitHub\Espion-Action\GrappleHook\Library\PackageCache\com.unity.visualscripting@1.6.1\Editor\VisualScripting.Core\Dependencies\YamlDotNet\Unity.VisualScripting.YamlDotNet.dll
Symbol file LoadedFromMemory doesn't match image C:\Users\s1809503\Documents\GitHub\Espion-Action\GrappleHook\Library\PackageCache\com.unity.visualscripting@1.6.1\Editor\VisualScripting.Core\Dependencies\DotNetZip\Unity.VisualScripting.IonicZip.dll
Native extension for Lumin target not found
Native extension for LinuxStandalone target not found
Native extension for WindowsStandalone target not found
Native extension for OSXStandalone target not found
Native extension for WebGL target not found
Refreshing native plugins compatible for Editor in 0.73 ms, found 3 plugins.
Preloading 0 native plugins for Editor in 0.00 ms.
Mono: successfully reloaded assembly
- Completed reload, in  1.731 seconds
Domain Reload Profiling:
	ReloadAssembly (1731ms)
		BeginReloadAssembly (305ms)
			ExecutionOrderSort (0ms)
			DisableScriptedObjects (5ms)
			BackupInstance (0ms)
			ReleaseScriptingObjects (0ms)
			CreateAndSetChildDomain (38ms)
		EndReloadAssembly (1341ms)
			LoadAssemblies (286ms)
			RebuildTransferFunctionScriptingTraits (0ms)
			SetupTypeCache (533ms)
			ReleaseScriptCaches (1ms)
			RebuildScriptCaches (63ms)
			SetupLoadedEditorAssemblies (473ms)
				LogAssemblyErrors (0ms)
				InitializePlatformSupportModulesInManaged (9ms)
				SetLoadedEditorAssemblies (0ms)
				RefreshPlugins (1ms)
				BeforeProcessingInitializeOnLoad (110ms)
				ProcessInitializeOnLoadAttributes (338ms)
				ProcessInitializeOnLoadMethodAttributes (7ms)
				AfterProcessingInitializeOnLoad (9ms)
				EditorAssembliesLoaded (0ms)
			ExecutionOrderSort2 (0ms)
			AwakeInstancesAfterBackupRestoration (6ms)
Platform modules already initialized, skipping
========================================================================
Worker process is ready to serve import requests
Launched and connected shader compiler UnityShaderCompiler.exe after 0.16 seconds
Refreshing native plugins compatible for Editor in 0.81 ms, found 3 plugins.
Preloading 0 native plugins for Editor in 0.00 ms.
Unloading 3583 Unused Serialized files (Serialized files now loaded: 0)
System memory in use before: 140.0 MB.
System memory in use after: 140.1 MB.

Unloading 27 unused Assets to reduce memory usage. Loaded Objects now: 4029.
Total: 3.040700 ms (FindLiveObjects: 0.278300 ms CreateObjectMapping: 0.184200 ms MarkObjects: 2.425500 ms  DeleteObjects: 0.151800 ms)

AssetImportParameters requested are different than current active one (requested -> active):
  custom:framework-win-MediaFoundation: 216162199b28c13a410421893ffa2e32 -> 
  custom:video-decoder-ogg-theora: a1e56fd34408186e4bbccfd4996cb3dc -> 
  custom:container-muxer-webm: aa71ff27fc2769a1b78a27578f13a17b -> 
  custom:container-demuxer-webm: 4f35f7cbe854078d1ac9338744f61a02 -> 
  custom:container-demuxer-ogg: 62fdf1f143b41e24485cea50d1cbac27 -> 
  custom:video-encoder-webm-vp8: eb34c28f22e8b96e1ab97ce403110664 -> 
  custom:video-decoder-webm-vp8: 9c59270c3fd7afecdb556c50c9e8de78 -> 
  custom:audio-decoder-ogg-vorbis: bf7c407c2cedff20999df2af8eb42d56 -> 
  custom:audio-encoder-webm-vorbis: bf7c407c2cedff20999df2af8eb42d56 -> 
========================================================================
Received Import Request.
  path: Assets/Animations/Mr Rius/ControllerRius.controller
  artifactKey: Guid(ac2d05e6c1de7214aafec82569017f88) Importer(815301076,1909f56bfc062723c751e8b465ee728b)
Start importing Assets/Animations/Mr Rius/ControllerRius.controller using Guid(ac2d05e6c1de7214aafec82569017f88) Importer(815301076,1909f56bfc062723c751e8b465ee728b)  -> (artifact id: '45a530c1610d24c5d597a72316df8241') in 0.150056 seconds 
========================================================================
Received Prepare
Registering precompiled user dll's ...
Registered in 0.023489 seconds.
Begin MonoManager ReloadAssembly
Symbol file LoadedFromMemory doesn't match image C:\Users\s1809503\Documents\GitHub\Espion-Action\GrappleHook\Library\PackageCache\com.unity.visualscripting@1.6.1\Editor\VisualScripting.Core\Dependencies\YamlDotNet\Unity.VisualScripting.YamlDotNet.dll
Symbol file LoadedFromMemory doesn't match image C:\Users\s1809503\Documents\GitHub\Espion-Action\GrappleHook\Library\PackageCache\com.unity.visualscripting@1.6.1\Editor\VisualScripting.Core\Dependencies\DotNetZip\Unity.VisualScripting.IonicZip.dll
Native extension for Lumin target not found
Native extension for LinuxStandalone target not found
Native extension for WindowsStandalone target not found
Native extension for OSXStandalone target not found
Native extension for WebGL target not found
Refreshing native plugins compatible for Editor in 1.25 ms, found 3 plugins.
Preloading 0 native plugins for Editor in 0.00 ms.
Mono: successfully reloaded assembly
- Completed reload, in  1.696 seconds
Domain Reload Profiling:
	ReloadAssembly (1696ms)
		BeginReloadAssembly (274ms)
			ExecutionOrderSort (0ms)
			DisableScriptedObjects (5ms)
			BackupInstance (0ms)
			ReleaseScriptingObjects (0ms)
			CreateAndSetChildDomain (58ms)
		EndReloadAssembly (1330ms)
			LoadAssemblies (295ms)
			RebuildTransferFunctionScriptingTraits (0ms)
			SetupTypeCache (502ms)
			ReleaseScriptCaches (2ms)
			RebuildScriptCaches (64ms)
			SetupLoadedEditorAssemblies (426ms)
				LogAssemblyErrors (0ms)
				InitializePlatformSupportModulesInManaged (14ms)
				SetLoadedEditorAssemblies (1ms)
				RefreshPlugins (1ms)
				BeforeProcessingInitializeOnLoad (92ms)
				ProcessInitializeOnLoadAttributes (300ms)
				ProcessInitializeOnLoadMethodAttributes (8ms)
				AfterProcessingInitializeOnLoad (11ms)
				EditorAssembliesLoaded (0ms)
			ExecutionOrderSort2 (0ms)
			AwakeInstancesAfterBackupRestoration (9ms)
Platform modules already initialized, skipping
Refreshing native plugins compatible for Editor in 0.86 ms, found 3 plugins.
Preloading 0 native plugins for Editor in 0.00 ms.
Unloading 3525 Unused Serialized files (Serialized files now loaded: 0)
System memory in use before: 134.7 MB.
System memory in use after: 134.9 MB.

Unloading 21 unused Assets to reduce memory usage. Loaded Objects now: 4032.
Total: 4.609000 ms (FindLiveObjects: 0.312600 ms CreateObjectMapping: 0.183600 ms MarkObjects: 4.019200 ms  DeleteObjects: 0.091900 ms)

AssetImportParameters requested are different than current active one (requested -> active):
  custom:framework-win-MediaFoundation: 216162199b28c13a410421893ffa2e32 -> 
  custom:video-decoder-ogg-theora: a1e56fd34408186e4bbccfd4996cb3dc -> 
  custom:container-muxer-webm: aa71ff27fc2769a1b78a27578f13a17b -> 
  custom:container-demuxer-webm: 4f35f7cbe854078d1ac9338744f61a02 -> 
  custom:container-demuxer-ogg: 62fdf1f143b41e24485cea50d1cbac27 -> 
  custom:video-encoder-webm-vp8: eb34c28f22e8b96e1ab97ce403110664 -> 
  custom:video-decoder-webm-vp8: 9c59270c3fd7afecdb556c50c9e8de78 -> 
  custom:audio-decoder-ogg-vorbis: bf7c407c2cedff20999df2af8eb42d56 -> 
  custom:audio-encoder-webm-vorbis: bf7c407c2cedff20999df2af8eb42d56 -> 
========================================================================
Received Prepare
Registering precompiled user dll's ...
Registered in 0.027074 seconds.
Begin MonoManager ReloadAssembly
Symbol file LoadedFromMemory doesn't match image C:\Users\s1809503\Documents\GitHub\Espion-Action\GrappleHook\Library\PackageCache\com.unity.visualscripting@1.6.1\Editor\VisualScripting.Core\Dependencies\YamlDotNet\Unity.VisualScripting.YamlDotNet.dll
Symbol file LoadedFromMemory doesn't match image C:\Users\s1809503\Documents\GitHub\Espion-Action\GrappleHook\Library\PackageCache\com.unity.visualscripting@1.6.1\Editor\VisualScripting.Core\Dependencies\DotNetZip\Unity.VisualScripting.IonicZip.dll
Native extension for Lumin target not found
Native extension for LinuxStandalone target not found
Native extension for WindowsStandalone target not found
Native extension for OSXStandalone target not found
Native extension for WebGL target not found
Refreshing native plugins compatible for Editor in 1.42 ms, found 3 plugins.
Preloading 0 native plugins for Editor in 0.00 ms.
Mono: successfully reloaded assembly
- Completed reload, in  1.891 seconds
Domain Reload Profiling:
	ReloadAssembly (1892ms)
		BeginReloadAssembly (303ms)
			ExecutionOrderSort (0ms)
			DisableScriptedObjects (6ms)
			BackupInstance (0ms)
			ReleaseScriptingObjects (0ms)
			CreateAndSetChildDomain (59ms)
		EndReloadAssembly (1494ms)
			LoadAssemblies (321ms)
			RebuildTransferFunctionScriptingTraits (0ms)
			SetupTypeCache (594ms)
			ReleaseScriptCaches (1ms)
			RebuildScriptCaches (63ms)
			SetupLoadedEditorAssemblies (484ms)
				LogAssemblyErrors (0ms)
				InitializePlatformSupportModulesInManaged (15ms)
				SetLoadedEditorAssemblies (1ms)
				RefreshPlugins (2ms)
				BeforeProcessingInitializeOnLoad (98ms)
				ProcessInitializeOnLoadAttributes (345ms)
				ProcessInitializeOnLoadMethodAttributes (9ms)
				AfterProcessingInitializeOnLoad (14ms)
				EditorAssembliesLoaded (1ms)
			ExecutionOrderSort2 (0ms)
			AwakeInstancesAfterBackupRestoration (10ms)
Platform modules already initialized, skipping
Refreshing native plugins compatible for Editor in 1.50 ms, found 3 plugins.
Preloading 0 native plugins for Editor in 0.00 ms.
Unloading 3525 Unused Serialized files (Serialized files now loaded: 0)
System memory in use before: 134.7 MB.
System memory in use after: 134.9 MB.

Unloading 21 unused Assets to reduce memory usage. Loaded Objects now: 4035.
Total: 4.044900 ms (FindLiveObjects: 0.384000 ms CreateObjectMapping: 0.310800 ms MarkObjects: 3.253200 ms  DeleteObjects: 0.095200 ms)

AssetImportParameters requested are different than current active one (requested -> active):
  custom:framework-win-MediaFoundation: 216162199b28c13a410421893ffa2e32 -> 
  custom:video-decoder-ogg-theora: a1e56fd34408186e4bbccfd4996cb3dc -> 
  custom:container-muxer-webm: aa71ff27fc2769a1b78a27578f13a17b -> 
  custom:container-demuxer-webm: 4f35f7cbe854078d1ac9338744f61a02 -> 
  custom:container-demuxer-ogg: 62fdf1f143b41e24485cea50d1cbac27 -> 
  custom:video-encoder-webm-vp8: eb34c28f22e8b96e1ab97ce403110664 -> 
  custom:video-decoder-webm-vp8: 9c59270c3fd7afecdb556c50c9e8de78 -> 
  custom:audio-decoder-ogg-vorbis: bf7c407c2cedff20999df2af8eb42d56 -> 
  custom:audio-encoder-webm-vorbis: bf7c407c2cedff20999df2af8eb42d56 -> 
========================================================================
Received Import Request.
  Time since last request: 287.985472 seconds.
  path: Assets/Pete/Resources/Player3DRius.prefab
  artifactKey: Guid(ed7acf71e8267da43841b6f10e260470) Importer(815301076,1909f56bfc062723c751e8b465ee728b)
Start importing Assets/Pete/Resources/Player3DRius.prefab using Guid(ed7acf71e8267da43841b6f10e260470) Importer(815301076,1909f56bfc062723c751e8b465ee728b)  -> (artifact id: 'aa71d878b092ca7772774fb94b9ae8ce') in 0.390078 seconds 
========================================================================
Received Import Request.
  Time since last request: 50.039395 seconds.
  path: Assets/Pete/Resources/Player3DRius.prefab
  artifactKey: Guid(ed7acf71e8267da43841b6f10e260470) Importer(815301076,1909f56bfc062723c751e8b465ee728b)
Start importing Assets/Pete/Resources/Player3DRius.prefab using Guid(ed7acf71e8267da43841b6f10e260470) Importer(815301076,1909f56bfc062723c751e8b465ee728b)  -> (artifact id: '2ef9f934e88bc8b1e17940d4ca6e7215') in 0.181085 seconds 
========================================================================
Received Import Request.
  Time since last request: 4.485970 seconds.
  path: Assets/Pete/Resources/Player3DRius.prefab
  artifactKey: Guid(ed7acf71e8267da43841b6f10e260470) Importer(815301076,1909f56bfc062723c751e8b465ee728b)
Start importing Assets/Pete/Resources/Player3DRius.prefab using Guid(ed7acf71e8267da43841b6f10e260470) Importer(815301076,1909f56bfc062723c751e8b465ee728b)  -> (artifact id: '59371b0a4fd40da66c95278a00687c47') in 0.174105 seconds 
========================================================================
Received Import Request.
  Time since last request: 16.226370 seconds.
  path: Assets/Pete/Resources/Player3DRius.prefab
  artifactKey: Guid(ed7acf71e8267da43841b6f10e260470) Importer(815301076,1909f56bfc062723c751e8b465ee728b)
Start importing Assets/Pete/Resources/Player3DRius.prefab using Guid(ed7acf71e8267da43841b6f10e260470) Importer(815301076,1909f56bfc062723c751e8b465ee728b)  -> (artifact id: '6d045a1531dcbcaa5a85e52bed0cdef6') in 0.165990 seconds 
========================================================================
Received Prepare
Registering precompiled user dll's ...
Registered in 0.019938 seconds.
Begin MonoManager ReloadAssembly
Symbol file LoadedFromMemory doesn't match image C:\Users\s1809503\Documents\GitHub\Espion-Action\GrappleHook\Library\PackageCache\com.unity.visualscripting@1.6.1\Editor\VisualScripting.Core\Dependencies\YamlDotNet\Unity.VisualScripting.YamlDotNet.dll
Symbol file LoadedFromMemory doesn't match image C:\Users\s1809503\Documents\GitHub\Espion-Action\GrappleHook\Library\PackageCache\com.unity.visualscripting@1.6.1\Editor\VisualScripting.Core\Dependencies\DotNetZip\Unity.VisualScripting.IonicZip.dll
Native extension for Lumin target not found
Native extension for LinuxStandalone target not found
Native extension for WindowsStandalone target not found
Native extension for OSXStandalone target not found
Native extension for WebGL target not found
Refreshing native plugins compatible for Editor in 0.79 ms, found 3 plugins.
Preloading 0 native plugins for Editor in 0.00 ms.
Mono: successfully reloaded assembly
- Completed reload, in  1.673 seconds
Domain Reload Profiling:
	ReloadAssembly (1673ms)
		BeginReloadAssembly (229ms)
			ExecutionOrderSort (0ms)
			DisableScriptedObjects (6ms)
			BackupInstance (0ms)
			ReleaseScriptingObjects (0ms)
			CreateAndSetChildDomain (50ms)
		EndReloadAssembly (1370ms)
			LoadAssemblies (250ms)
			RebuildTransferFunctionScriptingTraits (0ms)
			SetupTypeCache (599ms)
			ReleaseScriptCaches (4ms)
			RebuildScriptCaches (82ms)
			SetupLoadedEditorAssemblies (358ms)
				LogAssemblyErrors (0ms)
				InitializePlatformSupportModulesInManaged (12ms)
				SetLoadedEditorAssemblies (0ms)
				RefreshPlugins (1ms)
				BeforeProcessingInitializeOnLoad (78ms)
				ProcessInitializeOnLoadAttributes (250ms)
				ProcessInitializeOnLoadMethodAttributes (7ms)
				AfterProcessingInitializeOnLoad (9ms)
				EditorAssembliesLoaded (0ms)
			ExecutionOrderSort2 (0ms)
			AwakeInstancesAfterBackupRestoration (7ms)
Platform modules already initialized, skipping
Refreshing native plugins compatible for Editor in 0.77 ms, found 3 plugins.
Preloading 0 native plugins for Editor in 0.00 ms.
Unloading 3525 Unused Serialized files (Serialized files now loaded: 0)
System memory in use before: 152.9 MB.
System memory in use after: 153.0 MB.

Unloading 23 unused Assets to reduce memory usage. Loaded Objects now: 4049.
Total: 3.027100 ms (FindLiveObjects: 0.299800 ms CreateObjectMapping: 0.187300 ms MarkObjects: 2.419900 ms  DeleteObjects: 0.119000 ms)

AssetImportParameters requested are different than current active one (requested -> active):
  custom:framework-win-MediaFoundation: 216162199b28c13a410421893ffa2e32 -> 
  custom:video-decoder-ogg-theora: a1e56fd34408186e4bbccfd4996cb3dc -> 
  custom:container-muxer-webm: aa71ff27fc2769a1b78a27578f13a17b -> 
  custom:container-demuxer-webm: 4f35f7cbe854078d1ac9338744f61a02 -> 
  custom:container-demuxer-ogg: 62fdf1f143b41e24485cea50d1cbac27 -> 
  custom:video-encoder-webm-vp8: eb34c28f22e8b96e1ab97ce403110664 -> 
  custom:video-decoder-webm-vp8: 9c59270c3fd7afecdb556c50c9e8de78 -> 
  custom:audio-decoder-ogg-vorbis: bf7c407c2cedff20999df2af8eb42d56 -> 
  custom:audio-encoder-webm-vorbis: bf7c407c2cedff20999df2af8eb42d56 -> 
========================================================================
Received Import Request.
  Time since last request: 87.919072 seconds.
  path: Assets/Pete/Resources/Player3DRius.prefab
  artifactKey: Guid(ed7acf71e8267da43841b6f10e260470) Importer(815301076,1909f56bfc062723c751e8b465ee728b)
Start importing Assets/Pete/Resources/Player3DRius.prefab using Guid(ed7acf71e8267da43841b6f10e260470) Importer(815301076,1909f56bfc062723c751e8b465ee728b)  -> (artifact id: '11a629bb1e4d044024e70c22ff7accdb') in 0.272632 seconds 
========================================================================
Received Import Request.
  Time since last request: 3.597356 seconds.
  path: Assets/Pete/Resources/Player3DRius.prefab
  artifactKey: Guid(ed7acf71e8267da43841b6f10e260470) Importer(815301076,1909f56bfc062723c751e8b465ee728b)
Start importing Assets/Pete/Resources/Player3DRius.prefab using Guid(ed7acf71e8267da43841b6f10e260470) Importer(815301076,1909f56bfc062723c751e8b465ee728b)  -> (artifact id: '0c0211607438b8ee3fcfbffb0208cfbe') in 0.190162 seconds 
========================================================================
Received Prepare
Registering precompiled user dll's ...
Registered in 0.020609 seconds.
Begin MonoManager ReloadAssembly
Symbol file LoadedFromMemory doesn't match image C:\Users\s1809503\Documents\GitHub\Espion-Action\GrappleHook\Library\PackageCache\com.unity.visualscripting@1.6.1\Editor\VisualScripting.Core\Dependencies\YamlDotNet\Unity.VisualScripting.YamlDotNet.dll
Symbol file LoadedFromMemory doesn't match image C:\Users\s1809503\Documents\GitHub\Espion-Action\GrappleHook\Library\PackageCache\com.unity.visualscripting@1.6.1\Editor\VisualScripting.Core\Dependencies\DotNetZip\Unity.VisualScripting.IonicZip.dll
Native extension for Lumin target not found
Native extension for LinuxStandalone target not found
Native extension for WindowsStandalone target not found
Native extension for OSXStandalone target not found
Native extension for WebGL target not found
Refreshing native plugins compatible for Editor in 0.74 ms, found 3 plugins.
Preloading 0 native plugins for Editor in 0.00 ms.
Mono: successfully reloaded assembly
- Completed reload, in  1.531 seconds
Domain Reload Profiling:
	ReloadAssembly (1531ms)
		BeginReloadAssembly (215ms)
			ExecutionOrderSort (0ms)
			DisableScriptedObjects (4ms)
			BackupInstance (0ms)
			ReleaseScriptingObjects (0ms)
			CreateAndSetChildDomain (47ms)
		EndReloadAssembly (1247ms)
			LoadAssemblies (244ms)
			RebuildTransferFunctionScriptingTraits (0ms)
			SetupTypeCache (448ms)
			ReleaseScriptCaches (1ms)
			RebuildScriptCaches (67ms)
			SetupLoadedEditorAssemblies (430ms)
				LogAssemblyErrors (0ms)
				InitializePlatformSupportModulesInManaged (10ms)
				SetLoadedEditorAssemblies (0ms)
				RefreshPlugins (1ms)
				BeforeProcessingInitializeOnLoad (75ms)
				ProcessInitializeOnLoadAttributes (328ms)
				ProcessInitializeOnLoadMethodAttributes (7ms)
				AfterProcessingInitializeOnLoad (9ms)
				EditorAssembliesLoaded (0ms)
			ExecutionOrderSort2 (0ms)
			AwakeInstancesAfterBackupRestoration (7ms)
Platform modules already initialized, skipping
Refreshing native plugins compatible for Editor in 0.79 ms, found 3 plugins.
Preloading 0 native plugins for Editor in 0.00 ms.
Unloading 3525 Unused Serialized files (Serialized files now loaded: 0)
System memory in use before: 152.9 MB.
System memory in use after: 153.1 MB.

Unloading 23 unused Assets to reduce memory usage. Loaded Objects now: 4053.
Total: 2.934500 ms (FindLiveObjects: 0.282600 ms CreateObjectMapping: 0.175100 ms MarkObjects: 2.369600 ms  DeleteObjects: 0.106200 ms)

AssetImportParameters requested are different than current active one (requested -> active):
  custom:framework-win-MediaFoundation: 216162199b28c13a410421893ffa2e32 -> 
  custom:video-decoder-ogg-theora: a1e56fd34408186e4bbccfd4996cb3dc -> 
  custom:container-muxer-webm: aa71ff27fc2769a1b78a27578f13a17b -> 
  custom:container-demuxer-webm: 4f35f7cbe854078d1ac9338744f61a02 -> 
  custom:container-demuxer-ogg: 62fdf1f143b41e24485cea50d1cbac27 -> 
  custom:video-encoder-webm-vp8: eb34c28f22e8b96e1ab97ce403110664 -> 
  custom:video-decoder-webm-vp8: 9c59270c3fd7afecdb556c50c9e8de78 -> 
  custom:audio-decoder-ogg-vorbis: bf7c407c2cedff20999df2af8eb42d56 -> 
  custom:audio-encoder-webm-vorbis: bf7c407c2cedff20999df2af8eb42d56 -> 
========================================================================
Received Import Request.
  Time since last request: 90.114359 seconds.
  path: Assets/Pete/Resources/Player3DRius.prefab
  artifactKey: Guid(ed7acf71e8267da43841b6f10e260470) Importer(815301076,1909f56bfc062723c751e8b465ee728b)
Start importing Assets/Pete/Resources/Player3DRius.prefab using Guid(ed7acf71e8267da43841b6f10e260470) Importer(815301076,1909f56bfc062723c751e8b465ee728b)  -> (artifact id: 'dcdedc84cee69ee17635650e2f5bf250') in 0.245466 seconds 
========================================================================
Received Import Request.
  Time since last request: 10.051855 seconds.
  path: Assets/Pete/Resources/Player3DRius.prefab
  artifactKey: Guid(ed7acf71e8267da43841b6f10e260470) Importer(815301076,1909f56bfc062723c751e8b465ee728b)
Start importing Assets/Pete/Resources/Player3DRius.prefab using Guid(ed7acf71e8267da43841b6f10e260470) Importer(815301076,1909f56bfc062723c751e8b465ee728b)  -> (artifact id: '33bab1ef6c002ce9123a1ed08123f8e4') in 0.173938 seconds 
========================================================================
Received Prepare
Registering precompiled user dll's ...
Registered in 0.025663 seconds.
Begin MonoManager ReloadAssembly
Symbol file LoadedFromMemory doesn't match image C:\Users\s1809503\Documents\GitHub\Espion-Action\GrappleHook\Library\PackageCache\com.unity.visualscripting@1.6.1\Editor\VisualScripting.Core\Dependencies\YamlDotNet\Unity.VisualScripting.YamlDotNet.dll
Symbol file LoadedFromMemory doesn't match image C:\Users\s1809503\Documents\GitHub\Espion-Action\GrappleHook\Library\PackageCache\com.unity.visualscripting@1.6.1\Editor\VisualScripting.Core\Dependencies\DotNetZip\Unity.VisualScripting.IonicZip.dll
Native extension for Lumin target not found
Native extension for LinuxStandalone target not found
Native extension for WindowsStandalone target not found
Native extension for OSXStandalone target not found
Native extension for WebGL target not found
Refreshing native plugins compatible for Editor in 1.36 ms, found 3 plugins.
Preloading 0 native plugins for Editor in 0.00 ms.
Mono: successfully reloaded assembly
- Completed reload, in  1.933 seconds
Domain Reload Profiling:
	ReloadAssembly (1933ms)
		BeginReloadAssembly (307ms)
			ExecutionOrderSort (0ms)
			DisableScriptedObjects (7ms)
			BackupInstance (0ms)
			ReleaseScriptingObjects (0ms)
			CreateAndSetChildDomain (65ms)
		EndReloadAssembly (1524ms)
			LoadAssemblies (342ms)
			RebuildTransferFunctionScriptingTraits (0ms)
			SetupTypeCache (593ms)
			ReleaseScriptCaches (2ms)
			RebuildScriptCaches (67ms)
			SetupLoadedEditorAssemblies (478ms)
				LogAssemblyErrors (0ms)
				InitializePlatformSupportModulesInManaged (13ms)
				SetLoadedEditorAssemblies (1ms)
				RefreshPlugins (2ms)
				BeforeProcessingInitializeOnLoad (103ms)
				ProcessInitializeOnLoadAttributes (336ms)
				ProcessInitializeOnLoadMethodAttributes (9ms)
				AfterProcessingInitializeOnLoad (14ms)
				EditorAssembliesLoaded (1ms)
			ExecutionOrderSort2 (0ms)
			AwakeInstancesAfterBackupRestoration (11ms)
Platform modules already initialized, skipping
Refreshing native plugins compatible for Editor in 1.22 ms, found 3 plugins.
Preloading 0 native plugins for Editor in 0.00 ms.
Unloading 3525 Unused Serialized files (Serialized files now loaded: 0)
System memory in use before: 152.9 MB.
System memory in use after: 153.1 MB.

Unloading 23 unused Assets to reduce memory usage. Loaded Objects now: 4057.
Total: 4.608600 ms (FindLiveObjects: 0.767200 ms CreateObjectMapping: 0.305300 ms MarkObjects: 3.448000 ms  DeleteObjects: 0.086700 ms)

AssetImportParameters requested are different than current active one (requested -> active):
  custom:framework-win-MediaFoundation: 216162199b28c13a410421893ffa2e32 -> 
  custom:video-decoder-ogg-theora: a1e56fd34408186e4bbccfd4996cb3dc -> 
  custom:container-muxer-webm: aa71ff27fc2769a1b78a27578f13a17b -> 
  custom:container-demuxer-webm: 4f35f7cbe854078d1ac9338744f61a02 -> 
  custom:container-demuxer-ogg: 62fdf1f143b41e24485cea50d1cbac27 -> 
  custom:video-encoder-webm-vp8: eb34c28f22e8b96e1ab97ce403110664 -> 
  custom:video-decoder-webm-vp8: 9c59270c3fd7afecdb556c50c9e8de78 -> 
  custom:audio-decoder-ogg-vorbis: bf7c407c2cedff20999df2af8eb42d56 -> 
  custom:audio-encoder-webm-vorbis: bf7c407c2cedff20999df2af8eb42d56 -> 
========================================================================
Received Import Request.
  Time since last request: 31.599774 seconds.
  path: Assets/Pete/Resources/Player3DRius.prefab
  artifactKey: Guid(ed7acf71e8267da43841b6f10e260470) Importer(815301076,1909f56bfc062723c751e8b465ee728b)
Start importing Assets/Pete/Resources/Player3DRius.prefab using Guid(ed7acf71e8267da43841b6f10e260470) Importer(815301076,1909f56bfc062723c751e8b465ee728b)  -> (artifact id: '198afa4698f4ba1c425c7d00a82c4040') in 0.332029 seconds 
========================================================================
Received Import Request.
  Time since last request: 5.922811 seconds.
  path: Assets/Pete/Resources/Player3DRius.prefab
  artifactKey: Guid(ed7acf71e8267da43841b6f10e260470) Importer(815301076,1909f56bfc062723c751e8b465ee728b)
Start importing Assets/Pete/Resources/Player3DRius.prefab using Guid(ed7acf71e8267da43841b6f10e260470) Importer(815301076,1909f56bfc062723c751e8b465ee728b)  -> (artifact id: '4fb820d073dc5176a5096f6db64b01c1') in 0.233969 seconds 
========================================================================
Received Prepare
Registering precompiled user dll's ...
Registered in 0.027130 seconds.
Begin MonoManager ReloadAssembly
Symbol file LoadedFromMemory doesn't match image C:\Users\s1809503\Documents\GitHub\Espion-Action\GrappleHook\Library\PackageCache\com.unity.visualscripting@1.6.1\Editor\VisualScripting.Core\Dependencies\YamlDotNet\Unity.VisualScripting.YamlDotNet.dll
Symbol file LoadedFromMemory doesn't match image C:\Users\s1809503\Documents\GitHub\Espion-Action\GrappleHook\Library\PackageCache\com.unity.visualscripting@1.6.1\Editor\VisualScripting.Core\Dependencies\DotNetZip\Unity.VisualScripting.IonicZip.dll
Native extension for Lumin target not found
Native extension for LinuxStandalone target not found
Native extension for WindowsStandalone target not found
Native extension for OSXStandalone target not found
Native extension for WebGL target not found
Refreshing native plugins compatible for Editor in 1.32 ms, found 3 plugins.
Preloading 0 native plugins for Editor in 0.00 ms.
Mono: successfully reloaded assembly
- Completed reload, in  1.896 seconds
Domain Reload Profiling:
	ReloadAssembly (1897ms)
		BeginReloadAssembly (308ms)
			ExecutionOrderSort (0ms)
			DisableScriptedObjects (6ms)
			BackupInstance (0ms)
			ReleaseScriptingObjects (0ms)
			CreateAndSetChildDomain (64ms)
		EndReloadAssembly (1493ms)
			LoadAssemblies (337ms)
			RebuildTransferFunctionScriptingTraits (0ms)
			SetupTypeCache (553ms)
			ReleaseScriptCaches (2ms)
			RebuildScriptCaches (65ms)
			SetupLoadedEditorAssemblies (513ms)
				LogAssemblyErrors (0ms)
				InitializePlatformSupportModulesInManaged (13ms)
				SetLoadedEditorAssemblies (1ms)
				RefreshPlugins (1ms)
				BeforeProcessingInitializeOnLoad (114ms)
				ProcessInitializeOnLoadAttributes (362ms)
				ProcessInitializeOnLoadMethodAttributes (9ms)
				AfterProcessingInitializeOnLoad (12ms)
				EditorAssembliesLoaded (1ms)
			ExecutionOrderSort2 (0ms)
			AwakeInstancesAfterBackupRestoration (11ms)
Platform modules already initialized, skipping
Refreshing native plugins compatible for Editor in 1.28 ms, found 3 plugins.
Preloading 0 native plugins for Editor in 0.00 ms.
Unloading 3525 Unused Serialized files (Serialized files now loaded: 0)
System memory in use before: 153.0 MB.
System memory in use after: 153.2 MB.

Unloading 23 unused Assets to reduce memory usage. Loaded Objects now: 4061.
Total: 4.399500 ms (FindLiveObjects: 0.373000 ms CreateObjectMapping: 0.195300 ms MarkObjects: 3.720600 ms  DeleteObjects: 0.109400 ms)

AssetImportParameters requested are different than current active one (requested -> active):
  custom:framework-win-MediaFoundation: 216162199b28c13a410421893ffa2e32 -> 
  custom:video-decoder-ogg-theora: a1e56fd34408186e4bbccfd4996cb3dc -> 
  custom:container-muxer-webm: aa71ff27fc2769a1b78a27578f13a17b -> 
  custom:container-demuxer-webm: 4f35f7cbe854078d1ac9338744f61a02 -> 
  custom:container-demuxer-ogg: 62fdf1f143b41e24485cea50d1cbac27 -> 
  custom:video-encoder-webm-vp8: eb34c28f22e8b96e1ab97ce403110664 -> 
  custom:video-decoder-webm-vp8: 9c59270c3fd7afecdb556c50c9e8de78 -> 
  custom:audio-decoder-ogg-vorbis: bf7c407c2cedff20999df2af8eb42d56 -> 
  custom:audio-encoder-webm-vorbis: bf7c407c2cedff20999df2af8eb42d56 -> 
========================================================================
Received Import Request.
  Time since last request: 38.174069 seconds.
  path: Assets/Pete/Resources/Player3DRius.prefab
  artifactKey: Guid(ed7acf71e8267da43841b6f10e260470) Importer(815301076,1909f56bfc062723c751e8b465ee728b)
Start importing Assets/Pete/Resources/Player3DRius.prefab using Guid(ed7acf71e8267da43841b6f10e260470) Importer(815301076,1909f56bfc062723c751e8b465ee728b)  -> (artifact id: 'f49082480885149c1d1f407cbfac01bf') in 0.322875 seconds 
========================================================================
Received Import Request.
  Time since last request: 63.675867 seconds.
  path: Assets/Pete/Resources/Player3DRius.prefab
  artifactKey: Guid(ed7acf71e8267da43841b6f10e260470) Importer(815301076,1909f56bfc062723c751e8b465ee728b)
Start importing Assets/Pete/Resources/Player3DRius.prefab using Guid(ed7acf71e8267da43841b6f10e260470) Importer(815301076,1909f56bfc062723c751e8b465ee728b)  -> (artifact id: '6f6c5a3a4763fc259cdec0c5d55032c0') in 0.304377 seconds 
========================================================================
Received Import Request.
  Time since last request: 3.204267 seconds.
  path: Assets/Pete/Resources/Player3DRius.prefab
  artifactKey: Guid(ed7acf71e8267da43841b6f10e260470) Importer(815301076,1909f56bfc062723c751e8b465ee728b)
Start importing Assets/Pete/Resources/Player3DRius.prefab using Guid(ed7acf71e8267da43841b6f10e260470) Importer(815301076,1909f56bfc062723c751e8b465ee728b)  -> (artifact id: 'dc384a8beed88fdab33db46fdbe85d50') in 0.217112 seconds 
========================================================================
Received Import Request.
  Time since last request: 0.709697 seconds.
  path: Assets/Pete/Resources/Player3DRius.prefab
  artifactKey: Guid(ed7acf71e8267da43841b6f10e260470) Importer(815301076,1909f56bfc062723c751e8b465ee728b)
Start importing Assets/Pete/Resources/Player3DRius.prefab using Guid(ed7acf71e8267da43841b6f10e260470) Importer(815301076,1909f56bfc062723c751e8b465ee728b)  -> (artifact id: '6427a2f93ac33ee05de3781f03ea6f16') in 0.171792 seconds 
========================================================================
Received Import Request.
  Time since last request: 2.514880 seconds.
  path: Assets/Pete/Resources/Player3DRius.prefab
  artifactKey: Guid(ed7acf71e8267da43841b6f10e260470) Importer(815301076,1909f56bfc062723c751e8b465ee728b)
Start importing Assets/Pete/Resources/Player3DRius.prefab using Guid(ed7acf71e8267da43841b6f10e260470) Importer(815301076,1909f56bfc062723c751e8b465ee728b)  -> (artifact id: '839859969212a3a24341db1267be84a8') in 0.190253 seconds 
========================================================================
Received Prepare
Registering precompiled user dll's ...
Registered in 0.027142 seconds.
Begin MonoManager ReloadAssembly
Symbol file LoadedFromMemory doesn't match image C:\Users\s1809503\Documents\GitHub\Espion-Action\GrappleHook\Library\PackageCache\com.unity.visualscripting@1.6.1\Editor\VisualScripting.Core\Dependencies\YamlDotNet\Unity.VisualScripting.YamlDotNet.dll
Symbol file LoadedFromMemory doesn't match image C:\Users\s1809503\Documents\GitHub\Espion-Action\GrappleHook\Library\PackageCache\com.unity.visualscripting@1.6.1\Editor\VisualScripting.Core\Dependencies\DotNetZip\Unity.VisualScripting.IonicZip.dll
Native extension for Lumin target not found
Native extension for LinuxStandalone target not found
Native extension for WindowsStandalone target not found
Native extension for OSXStandalone target not found
Native extension for WebGL target not found
Refreshing native plugins compatible for Editor in 1.08 ms, found 3 plugins.
Preloading 0 native plugins for Editor in 0.00 ms.
Mono: successfully reloaded assembly
- Completed reload, in  1.715 seconds
Domain Reload Profiling:
	ReloadAssembly (1716ms)
		BeginReloadAssembly (268ms)
			ExecutionOrderSort (0ms)
			DisableScriptedObjects (6ms)
			BackupInstance (0ms)
			ReleaseScriptingObjects (0ms)
			CreateAndSetChildDomain (53ms)
		EndReloadAssembly (1360ms)
			LoadAssemblies (287ms)
			RebuildTransferFunctionScriptingTraits (0ms)
			SetupTypeCache (520ms)
			ReleaseScriptCaches (2ms)
			RebuildScriptCaches (62ms)
			SetupLoadedEditorAssemblies (447ms)
				LogAssemblyErrors (0ms)
				InitializePlatformSupportModulesInManaged (12ms)
				SetLoadedEditorAssemblies (1ms)
				RefreshPlugins (1ms)
				BeforeProcessingInitializeOnLoad (90ms)
				ProcessInitializeOnLoadAttributes (322ms)
				ProcessInitializeOnLoadMethodAttributes (8ms)
				AfterProcessingInitializeOnLoad (12ms)
				EditorAssembliesLoaded (0ms)
			ExecutionOrderSort2 (0ms)
			AwakeInstancesAfterBackupRestoration (9ms)
Platform modules already initialized, skipping
Refreshing native plugins compatible for Editor in 1.13 ms, found 3 plugins.
Preloading 0 native plugins for Editor in 0.00 ms.
Unloading 3525 Unused Serialized files (Serialized files now loaded: 0)
System memory in use before: 153.0 MB.
System memory in use after: 153.2 MB.

Unloading 23 unused Assets to reduce memory usage. Loaded Objects now: 4065.
Total: 4.269300 ms (FindLiveObjects: 0.374200 ms CreateObjectMapping: 0.220600 ms MarkObjects: 3.556100 ms  DeleteObjects: 0.116800 ms)

AssetImportParameters requested are different than current active one (requested -> active):
  custom:framework-win-MediaFoundation: 216162199b28c13a410421893ffa2e32 -> 
  custom:video-decoder-ogg-theora: a1e56fd34408186e4bbccfd4996cb3dc -> 
  custom:container-muxer-webm: aa71ff27fc2769a1b78a27578f13a17b -> 
  custom:container-demuxer-webm: 4f35f7cbe854078d1ac9338744f61a02 -> 
  custom:container-demuxer-ogg: 62fdf1f143b41e24485cea50d1cbac27 -> 
  custom:video-encoder-webm-vp8: eb34c28f22e8b96e1ab97ce403110664 -> 
  custom:video-decoder-webm-vp8: 9c59270c3fd7afecdb556c50c9e8de78 -> 
  custom:audio-decoder-ogg-vorbis: bf7c407c2cedff20999df2af8eb42d56 -> 
  custom:audio-encoder-webm-vorbis: bf7c407c2cedff20999df2af8eb42d56 -> 
========================================================================
Received Import Request.
  Time since last request: 28.286905 seconds.
  path: Assets/Pete/Resources/Player3DRius.prefab
  artifactKey: Guid(ed7acf71e8267da43841b6f10e260470) Importer(815301076,1909f56bfc062723c751e8b465ee728b)
Start importing Assets/Pete/Resources/Player3DRius.prefab using Guid(ed7acf71e8267da43841b6f10e260470) Importer(815301076,1909f56bfc062723c751e8b465ee728b)  -> (artifact id: 'eec6f4584c4af99236cb5d24f1bd040c') in 0.322107 seconds 
========================================================================
Received Import Request.
  Time since last request: 0.302866 seconds.
  path: Assets/Pete/Resources/Player3DRius.prefab
  artifactKey: Guid(ed7acf71e8267da43841b6f10e260470) Importer(815301076,1909f56bfc062723c751e8b465ee728b)
Start importing Assets/Pete/Resources/Player3DRius.prefab using Guid(ed7acf71e8267da43841b6f10e260470) Importer(815301076,1909f56bfc062723c751e8b465ee728b)  -> (artifact id: '5ec7faf4f5fda705d1364fb4240d023b') in 0.229483 seconds 
========================================================================
Received Import Request.
  Time since last request: 71.450016 seconds.
  path: Assets/Pete/Resources/Player3DRius.prefab
  artifactKey: Guid(ed7acf71e8267da43841b6f10e260470) Importer(815301076,1909f56bfc062723c751e8b465ee728b)
Start importing Assets/Pete/Resources/Player3DRius.prefab using Guid(ed7acf71e8267da43841b6f10e260470) Importer(815301076,1909f56bfc062723c751e8b465ee728b)  -> (artifact id: '0b2330e2d17f1b54b57ee35e8c2fa677') in 0.203394 seconds 
========================================================================
Received Import Request.
  Time since last request: 2.455218 seconds.
  path: Assets/Pete/Resources/Player3DRius.prefab
  artifactKey: Guid(ed7acf71e8267da43841b6f10e260470) Importer(815301076,1909f56bfc062723c751e8b465ee728b)
Start importing Assets/Pete/Resources/Player3DRius.prefab using Guid(ed7acf71e8267da43841b6f10e260470) Importer(815301076,1909f56bfc062723c751e8b465ee728b)  -> (artifact id: '8c2722136592fc6127a0165124f4a511') in 0.170097 seconds 
========================================================================
Received Prepare
Registering precompiled user dll's ...
Registered in 0.029673 seconds.
Begin MonoManager ReloadAssembly
Symbol file LoadedFromMemory doesn't match image C:\Users\s1809503\Documents\GitHub\Espion-Action\GrappleHook\Library\PackageCache\com.unity.visualscripting@1.6.1\Editor\VisualScripting.Core\Dependencies\YamlDotNet\Unity.VisualScripting.YamlDotNet.dll
Symbol file LoadedFromMemory doesn't match image C:\Users\s1809503\Documents\GitHub\Espion-Action\GrappleHook\Library\PackageCache\com.unity.visualscripting@1.6.1\Editor\VisualScripting.Core\Dependencies\DotNetZip\Unity.VisualScripting.IonicZip.dll
Native extension for Lumin target not found
Native extension for LinuxStandalone target not found
Native extension for WindowsStandalone target not found
Native extension for OSXStandalone target not found
Native extension for WebGL target not found
Refreshing native plugins compatible for Editor in 0.79 ms, found 3 plugins.
Preloading 0 native plugins for Editor in 0.00 ms.
Mono: successfully reloaded assembly
- Completed reload, in  1.495 seconds
Domain Reload Profiling:
	ReloadAssembly (1495ms)
		BeginReloadAssembly (287ms)
			ExecutionOrderSort (0ms)
			DisableScriptedObjects (8ms)
			BackupInstance (0ms)
			ReleaseScriptingObjects (0ms)
			CreateAndSetChildDomain (60ms)
		EndReloadAssembly (1118ms)
			LoadAssemblies (308ms)
			RebuildTransferFunctionScriptingTraits (0ms)
			SetupTypeCache (412ms)
			ReleaseScriptCaches (1ms)
			RebuildScriptCaches (48ms)
			SetupLoadedEditorAssemblies (367ms)
				LogAssemblyErrors (0ms)
				InitializePlatformSupportModulesInManaged (8ms)
				SetLoadedEditorAssemblies (0ms)
				RefreshPlugins (1ms)
				BeforeProcessingInitializeOnLoad (70ms)
				ProcessInitializeOnLoadAttributes (270ms)
				ProcessInitializeOnLoadMethodAttributes (7ms)
				AfterProcessingInitializeOnLoad (10ms)
				EditorAssembliesLoaded (0ms)
			ExecutionOrderSort2 (0ms)
			AwakeInstancesAfterBackupRestoration (7ms)
Platform modules already initialized, skipping
Refreshing native plugins compatible for Editor in 1.55 ms, found 3 plugins.
Preloading 0 native plugins for Editor in 0.00 ms.
Unloading 3525 Unused Serialized files (Serialized files now loaded: 0)
System memory in use before: 153.1 MB.
System memory in use after: 153.2 MB.

Unloading 23 unused Assets to reduce memory usage. Loaded Objects now: 4069.
Total: 4.448200 ms (FindLiveObjects: 0.324300 ms CreateObjectMapping: 0.277200 ms MarkObjects: 3.697200 ms  DeleteObjects: 0.148000 ms)

AssetImportParameters requested are different than current active one (requested -> active):
  custom:framework-win-MediaFoundation: 216162199b28c13a410421893ffa2e32 -> 
  custom:video-decoder-ogg-theora: a1e56fd34408186e4bbccfd4996cb3dc -> 
  custom:container-muxer-webm: aa71ff27fc2769a1b78a27578f13a17b -> 
  custom:container-demuxer-webm: 4f35f7cbe854078d1ac9338744f61a02 -> 
  custom:container-demuxer-ogg: 62fdf1f143b41e24485cea50d1cbac27 -> 
  custom:video-encoder-webm-vp8: eb34c28f22e8b96e1ab97ce403110664 -> 
  custom:video-decoder-webm-vp8: 9c59270c3fd7afecdb556c50c9e8de78 -> 
  custom:audio-decoder-ogg-vorbis: bf7c407c2cedff20999df2af8eb42d56 -> 
  custom:audio-encoder-webm-vorbis: bf7c407c2cedff20999df2af8eb42d56 -> 
========================================================================
Received Import Request.
  Time since last request: 49.181579 seconds.
  path: Assets/Pete/Resources/Player3DRius.prefab
  artifactKey: Guid(ed7acf71e8267da43841b6f10e260470) Importer(815301076,1909f56bfc062723c751e8b465ee728b)
Start importing Assets/Pete/Resources/Player3DRius.prefab using Guid(ed7acf71e8267da43841b6f10e260470) Importer(815301076,1909f56bfc062723c751e8b465ee728b)  -> (artifact id: '235e2f522fd53e3a5ca7c10443549be8') in 0.327119 seconds 
========================================================================
Received Import Request.
  Time since last request: 8.120072 seconds.
  path: Assets/Pete/Resources/Player3DRius.prefab
  artifactKey: Guid(ed7acf71e8267da43841b6f10e260470) Importer(815301076,1909f56bfc062723c751e8b465ee728b)
Start importing Assets/Pete/Resources/Player3DRius.prefab using Guid(ed7acf71e8267da43841b6f10e260470) Importer(815301076,1909f56bfc062723c751e8b465ee728b)  -> (artifact id: 'cd4fb3aaec6585817f977e8ea759a258') in 0.244693 seconds 
========================================================================
Received Import Request.
  Time since last request: 1.892645 seconds.
  path: Assets/Pete/Resources/Player3DRius.prefab
  artifactKey: Guid(ed7acf71e8267da43841b6f10e260470) Importer(815301076,1909f56bfc062723c751e8b465ee728b)
Start importing Assets/Pete/Resources/Player3DRius.prefab using Guid(ed7acf71e8267da43841b6f10e260470) Importer(815301076,1909f56bfc062723c751e8b465ee728b)  -> (artifact id: 'af94309934dc4a70bf667477ff5960aa') in 0.230149 seconds 
========================================================================
Received Import Request.
  Time since last request: 12.491800 seconds.
  path: Assets/Pete/Resources/Player3DRius.prefab
  artifactKey: Guid(ed7acf71e8267da43841b6f10e260470) Importer(815301076,1909f56bfc062723c751e8b465ee728b)
Start importing Assets/Pete/Resources/Player3DRius.prefab using Guid(ed7acf71e8267da43841b6f10e260470) Importer(815301076,1909f56bfc062723c751e8b465ee728b)  -> (artifact id: 'ef0d4807e9db28f3b6a18d873eece8ce') in 0.234020 seconds 
========================================================================
Received Import Request.
  Time since last request: 0.773830 seconds.
  path: Assets/Pete/Resources/Player3DRius.prefab
  artifactKey: Guid(ed7acf71e8267da43841b6f10e260470) Importer(815301076,1909f56bfc062723c751e8b465ee728b)
Start importing Assets/Pete/Resources/Player3DRius.prefab using Guid(ed7acf71e8267da43841b6f10e260470) Importer(815301076,1909f56bfc062723c751e8b465ee728b)  -> (artifact id: 'bb2255165859fd729f7a068243fd72bb') in 0.229079 seconds 
========================================================================
Received Import Request.
  Time since last request: 0.385464 seconds.
  path: Assets/Pete/Resources/Player3DRius.prefab
  artifactKey: Guid(ed7acf71e8267da43841b6f10e260470) Importer(815301076,1909f56bfc062723c751e8b465ee728b)
Start importing Assets/Pete/Resources/Player3DRius.prefab using Guid(ed7acf71e8267da43841b6f10e260470) Importer(815301076,1909f56bfc062723c751e8b465ee728b)  -> (artifact id: 'c5d24034f4b820d5213a285d943c5cc2') in 0.225492 seconds 
========================================================================
Received Import Request.
  Time since last request: 1.550153 seconds.
  path: Assets/Pete/Resources/Player3DRius.prefab
  artifactKey: Guid(ed7acf71e8267da43841b6f10e260470) Importer(815301076,1909f56bfc062723c751e8b465ee728b)
Start importing Assets/Pete/Resources/Player3DRius.prefab using Guid(ed7acf71e8267da43841b6f10e260470) Importer(815301076,1909f56bfc062723c751e8b465ee728b)  -> (artifact id: '98ebca79fcc7641ef2a6a98ca7e7687b') in 0.230816 seconds 
========================================================================
Received Import Request.
  Time since last request: 8.344617 seconds.
  path: Assets/Pete/Resources/Player3DRius.prefab
  artifactKey: Guid(ed7acf71e8267da43841b6f10e260470) Importer(815301076,1909f56bfc062723c751e8b465ee728b)
Start importing Assets/Pete/Resources/Player3DRius.prefab using Guid(ed7acf71e8267da43841b6f10e260470) Importer(815301076,1909f56bfc062723c751e8b465ee728b)  -> (artifact id: '38b8c14848148c786f2a8a870a26da5f') in 0.229688 seconds 
========================================================================
Received Import Request.
  Time since last request: 286.926612 seconds.
  path: Assets/Pete/Resources/Player3DRius.prefab
  artifactKey: Guid(ed7acf71e8267da43841b6f10e260470) Importer(815301076,1909f56bfc062723c751e8b465ee728b)
Start importing Assets/Pete/Resources/Player3DRius.prefab using Guid(ed7acf71e8267da43841b6f10e260470) Importer(815301076,1909f56bfc062723c751e8b465ee728b)  -> (artifact id: '36264e315dac8323d2de551b834efcc5') in 0.181418 seconds 
========================================================================
Received Import Request.
  Time since last request: 4.100191 seconds.
  path: Assets/Pete/Resources/Player3DRius.prefab
  artifactKey: Guid(ed7acf71e8267da43841b6f10e260470) Importer(815301076,1909f56bfc062723c751e8b465ee728b)
Start importing Assets/Pete/Resources/Player3DRius.prefab using Guid(ed7acf71e8267da43841b6f10e260470) Importer(815301076,1909f56bfc062723c751e8b465ee728b)  -> (artifact id: 'e0e426b4222a32d40a762c0865de6a58') in 0.185120 seconds 
========================================================================
Received Import Request.
  Time since last request: 0.492648 seconds.
  path: Assets/Pete/Resources/Player3DRius.prefab
  artifactKey: Guid(ed7acf71e8267da43841b6f10e260470) Importer(815301076,1909f56bfc062723c751e8b465ee728b)
Start importing Assets/Pete/Resources/Player3DRius.prefab using Guid(ed7acf71e8267da43841b6f10e260470) Importer(815301076,1909f56bfc062723c751e8b465ee728b)  -> (artifact id: 'c69d3742fa772850e0cc6d9f1b6a0fe0') in 0.170425 seconds 
========================================================================
Received Import Request.
  Time since last request: 4.518218 seconds.
  path: Assets/Pete/Resources/Player3DRius.prefab
  artifactKey: Guid(ed7acf71e8267da43841b6f10e260470) Importer(815301076,1909f56bfc062723c751e8b465ee728b)
Start importing Assets/Pete/Resources/Player3DRius.prefab using Guid(ed7acf71e8267da43841b6f10e260470) Importer(815301076,1909f56bfc062723c751e8b465ee728b)  -> (artifact id: '23deb5b75ab6004a12dfc1b9500e3328') in 0.187559 seconds 
========================================================================
Received Prepare
Registering precompiled user dll's ...
Registered in 0.026317 seconds.
Begin MonoManager ReloadAssembly
Symbol file LoadedFromMemory doesn't match image C:\Users\s1809503\Documents\GitHub\Espion-Action\GrappleHook\Library\PackageCache\com.unity.visualscripting@1.6.1\Editor\VisualScripting.Core\Dependencies\YamlDotNet\Unity.VisualScripting.YamlDotNet.dll
Symbol file LoadedFromMemory doesn't match image C:\Users\s1809503\Documents\GitHub\Espion-Action\GrappleHook\Library\PackageCache\com.unity.visualscripting@1.6.1\Editor\VisualScripting.Core\Dependencies\DotNetZip\Unity.VisualScripting.IonicZip.dll
Native extension for Lumin target not found
Native extension for LinuxStandalone target not found
Native extension for WindowsStandalone target not found
Native extension for OSXStandalone target not found
Native extension for WebGL target not found
Refreshing native plugins compatible for Editor in 1.49 ms, found 3 plugins.
Preloading 0 native plugins for Editor in 0.00 ms.
Mono: successfully reloaded assembly
- Completed reload, in  1.689 seconds
Domain Reload Profiling:
	ReloadAssembly (1690ms)
		BeginReloadAssembly (282ms)
			ExecutionOrderSort (0ms)
			DisableScriptedObjects (6ms)
			BackupInstance (0ms)
			ReleaseScriptingObjects (0ms)
			CreateAndSetChildDomain (62ms)
		EndReloadAssembly (1318ms)
			LoadAssemblies (304ms)
			RebuildTransferFunctionScriptingTraits (0ms)
			SetupTypeCache (521ms)
			ReleaseScriptCaches (2ms)
			RebuildScriptCaches (58ms)
			SetupLoadedEditorAssemblies (411ms)
				LogAssemblyErrors (0ms)
				InitializePlatformSupportModulesInManaged (12ms)
				SetLoadedEditorAssemblies (1ms)
				RefreshPlugins (2ms)
				BeforeProcessingInitializeOnLoad (78ms)
				ProcessInitializeOnLoadAttributes (298ms)
				ProcessInitializeOnLoadMethodAttributes (9ms)
				AfterProcessingInitializeOnLoad (11ms)
				EditorAssembliesLoaded (0ms)
			ExecutionOrderSort2 (0ms)
			AwakeInstancesAfterBackupRestoration (9ms)
Platform modules already initialized, skipping
Refreshing native plugins compatible for Editor in 0.98 ms, found 3 plugins.
Preloading 0 native plugins for Editor in 0.00 ms.
Unloading 3525 Unused Serialized files (Serialized files now loaded: 0)
System memory in use before: 153.2 MB.
System memory in use after: 153.4 MB.

Unloading 23 unused Assets to reduce memory usage. Loaded Objects now: 4073.
Total: 4.714400 ms (FindLiveObjects: 0.410200 ms CreateObjectMapping: 0.309700 ms MarkObjects: 3.857700 ms  DeleteObjects: 0.135300 ms)

AssetImportParameters requested are different than current active one (requested -> active):
  custom:framework-win-MediaFoundation: 216162199b28c13a410421893ffa2e32 -> 
  custom:video-decoder-ogg-theora: a1e56fd34408186e4bbccfd4996cb3dc -> 
  custom:container-muxer-webm: aa71ff27fc2769a1b78a27578f13a17b -> 
  custom:container-demuxer-webm: 4f35f7cbe854078d1ac9338744f61a02 -> 
  custom:container-demuxer-ogg: 62fdf1f143b41e24485cea50d1cbac27 -> 
  custom:video-encoder-webm-vp8: eb34c28f22e8b96e1ab97ce403110664 -> 
  custom:video-decoder-webm-vp8: 9c59270c3fd7afecdb556c50c9e8de78 -> 
  custom:audio-decoder-ogg-vorbis: bf7c407c2cedff20999df2af8eb42d56 -> 
  custom:audio-encoder-webm-vorbis: bf7c407c2cedff20999df2af8eb42d56 -> 
========================================================================
Received Import Request.
  Time since last request: 58.623571 seconds.
  path: Assets/Animations/Mr Rius/RiusBriefcase Run.anim
  artifactKey: Guid(0fa015ffb3c440a4d939d0394d502f65) Importer(815301076,1909f56bfc062723c751e8b465ee728b)
Start importing Assets/Animations/Mr Rius/RiusBriefcase Run.anim using Guid(0fa015ffb3c440a4d939d0394d502f65) Importer(815301076,1909f56bfc062723c751e8b465ee728b)  -> (artifact id: '23d4e7db95842a4e716d9f9b3aa00d4f') in 0.038296 seconds 
========================================================================
Received Import Request.
  Time since last request: 2.084155 seconds.
  path: Assets/Animations/Mr Rius/RiusBriefcase SideStep Right.anim
  artifactKey: Guid(ff4991e3a8b7e554ba565ecec7dfee9f) Importer(815301076,1909f56bfc062723c751e8b465ee728b)
Start importing Assets/Animations/Mr Rius/RiusBriefcase SideStep Right.anim using Guid(ff4991e3a8b7e554ba565ecec7dfee9f) Importer(815301076,1909f56bfc062723c751e8b465ee728b)  -> (artifact id: '6a35a7c28b7ab730500d824ad868f84f') in 0.013723 seconds 
========================================================================
Received Import Request.
  Time since last request: 0.366760 seconds.
  path: Assets/Animations/Mr Rius/RiusFalling Grapple Interim.anim
  artifactKey: Guid(1fd155b9b6337b84cb00ce510f07350b) Importer(815301076,1909f56bfc062723c751e8b465ee728b)
Start importing Assets/Animations/Mr Rius/RiusFalling Grapple Interim.anim using Guid(1fd155b9b6337b84cb00ce510f07350b) Importer(815301076,1909f56bfc062723c751e8b465ee728b)  -> (artifact id: 'd70b42e9d601e0eff4cf34495e7a8f15') in 0.016102 seconds 
========================================================================
Received Import Request.
  Time since last request: 2.355476 seconds.
  path: Assets/Animations/Mr Rius/RiusBriefcase Idle.anim
  artifactKey: Guid(7dcf42d9166243d45901c97ac96e9135) Importer(815301076,1909f56bfc062723c751e8b465ee728b)
Start importing Assets/Animations/Mr Rius/RiusBriefcase Idle.anim using Guid(7dcf42d9166243d45901c97ac96e9135) Importer(815301076,1909f56bfc062723c751e8b465ee728b)  -> (artifact id: '97c960dec333aa54272f7c51dd5a3f1c') in 0.013679 seconds 
========================================================================
Received Import Request.
  Time since last request: 58.042183 seconds.
  path: Assets/Animations/Mr Rius/RiusBriefcase SideStep Left.anim
  artifactKey: Guid(ec3c62e9f84af994991e505fcd70b61c) Importer(815301076,1909f56bfc062723c751e8b465ee728b)
Start importing Assets/Animations/Mr Rius/RiusBriefcase SideStep Left.anim using Guid(ec3c62e9f84af994991e505fcd70b61c) Importer(815301076,1909f56bfc062723c751e8b465ee728b)  -> (artifact id: '8bd424dcb7cdcf3347cf88821290d1bc') in 0.013765 seconds 
========================================================================
Received Import Request.
  Time since last request: 264.419041 seconds.
  path: Assets/Pete/Resources/Player3DRius.prefab
  artifactKey: Guid(ed7acf71e8267da43841b6f10e260470) Importer(815301076,1909f56bfc062723c751e8b465ee728b)
Start importing Assets/Pete/Resources/Player3DRius.prefab using Guid(ed7acf71e8267da43841b6f10e260470) Importer(815301076,1909f56bfc062723c751e8b465ee728b)  -> (artifact id: '058c11e04a6670e4c17a059c4b2de548') in 0.246088 seconds 
========================================================================
Received Import Request.
  Time since last request: 3.835743 seconds.
  path: Assets/Pete/Resources/Player3DRius.prefab
  artifactKey: Guid(ed7acf71e8267da43841b6f10e260470) Importer(815301076,1909f56bfc062723c751e8b465ee728b)
Start importing Assets/Pete/Resources/Player3DRius.prefab using Guid(ed7acf71e8267da43841b6f10e260470) Importer(815301076,1909f56bfc062723c751e8b465ee728b)  -> (artifact id: 'a6ab9a5da671e85b131c7253386f6978') in 0.201038 seconds 
========================================================================
Received Import Request.
  Time since last request: 0.921400 seconds.
  path: Assets/Pete/Resources/Player3DRius.prefab
  artifactKey: Guid(ed7acf71e8267da43841b6f10e260470) Importer(815301076,1909f56bfc062723c751e8b465ee728b)
Start importing Assets/Pete/Resources/Player3DRius.prefab using Guid(ed7acf71e8267da43841b6f10e260470) Importer(815301076,1909f56bfc062723c751e8b465ee728b)  -> (artifact id: 'f381d125b64b0e1df90dd9473fe8a034') in 0.174452 seconds 
========================================================================
Received Import Request.
  Time since last request: 0.526005 seconds.
  path: Assets/Pete/Resources/Player3DRius.prefab
  artifactKey: Guid(ed7acf71e8267da43841b6f10e260470) Importer(815301076,1909f56bfc062723c751e8b465ee728b)
Start importing Assets/Pete/Resources/Player3DRius.prefab using Guid(ed7acf71e8267da43841b6f10e260470) Importer(815301076,1909f56bfc062723c751e8b465ee728b)  -> (artifact id: '43a696231e3ee2dfd07605044b68d54f') in 0.175464 seconds 
========================================================================
Received Import Request.
  Time since last request: 0.726918 seconds.
  path: Assets/Pete/Resources/Player3DRius.prefab
  artifactKey: Guid(ed7acf71e8267da43841b6f10e260470) Importer(815301076,1909f56bfc062723c751e8b465ee728b)
Start importing Assets/Pete/Resources/Player3DRius.prefab using Guid(ed7acf71e8267da43841b6f10e260470) Importer(815301076,1909f56bfc062723c751e8b465ee728b)  -> (artifact id: '19a1654d68e7e10b28a24f62a8491290') in 0.178885 seconds 
========================================================================
Received Import Request.
  Time since last request: 1.134108 seconds.
  path: Assets/Pete/Resources/Player3DRius.prefab
  artifactKey: Guid(ed7acf71e8267da43841b6f10e260470) Importer(815301076,1909f56bfc062723c751e8b465ee728b)
Start importing Assets/Pete/Resources/Player3DRius.prefab using Guid(ed7acf71e8267da43841b6f10e260470) Importer(815301076,1909f56bfc062723c751e8b465ee728b)  -> (artifact id: '08283d520ce38935e679fb4b4d668c8f') in 0.194845 seconds 
========================================================================
Received Prepare
Registering precompiled user dll's ...
Registered in 0.027647 seconds.
Begin MonoManager ReloadAssembly
Symbol file LoadedFromMemory doesn't match image C:\Users\s1809503\Documents\GitHub\Espion-Action\GrappleHook\Library\PackageCache\com.unity.visualscripting@1.6.1\Editor\VisualScripting.Core\Dependencies\YamlDotNet\Unity.VisualScripting.YamlDotNet.dll
Symbol file LoadedFromMemory doesn't match image C:\Users\s1809503\Documents\GitHub\Espion-Action\GrappleHook\Library\PackageCache\com.unity.visualscripting@1.6.1\Editor\VisualScripting.Core\Dependencies\DotNetZip\Unity.VisualScripting.IonicZip.dll
Native extension for Lumin target not found
Native extension for LinuxStandalone target not found
Native extension for WindowsStandalone target not found
Native extension for OSXStandalone target not found
Native extension for WebGL target not found
Refreshing native plugins compatible for Editor in 1.29 ms, found 3 plugins.
Preloading 0 native plugins for Editor in 0.00 ms.
Mono: successfully reloaded assembly
- Completed reload, in  1.824 seconds
Domain Reload Profiling:
	ReloadAssembly (1825ms)
		BeginReloadAssembly (290ms)
			ExecutionOrderSort (0ms)
			DisableScriptedObjects (6ms)
			BackupInstance (0ms)
			ReleaseScriptingObjects (0ms)
			CreateAndSetChildDomain (63ms)
		EndReloadAssembly (1438ms)
			LoadAssemblies (314ms)
			RebuildTransferFunctionScriptingTraits (0ms)
			SetupTypeCache (546ms)
			ReleaseScriptCaches (2ms)
			RebuildScriptCaches (63ms)
			SetupLoadedEditorAssemblies (474ms)
				LogAssemblyErrors (0ms)
				InitializePlatformSupportModulesInManaged (13ms)
				SetLoadedEditorAssemblies (1ms)
				RefreshPlugins (1ms)
				BeforeProcessingInitializeOnLoad (96ms)
				ProcessInitializeOnLoadAttributes (336ms)
				ProcessInitializeOnLoadMethodAttributes (10ms)
				AfterProcessingInitializeOnLoad (15ms)
				EditorAssembliesLoaded (1ms)
			ExecutionOrderSort2 (0ms)
			AwakeInstancesAfterBackupRestoration (12ms)
Platform modules already initialized, skipping
Refreshing native plugins compatible for Editor in 1.07 ms, found 3 plugins.
Preloading 0 native plugins for Editor in 0.00 ms.
Unloading 3525 Unused Serialized files (Serialized files now loaded: 0)
System memory in use before: 153.3 MB.
System memory in use after: 153.4 MB.

Unloading 23 unused Assets to reduce memory usage. Loaded Objects now: 4077.
Total: 4.642100 ms (FindLiveObjects: 0.516200 ms CreateObjectMapping: 0.251300 ms MarkObjects: 3.661900 ms  DeleteObjects: 0.210500 ms)

AssetImportParameters requested are different than current active one (requested -> active):
  custom:framework-win-MediaFoundation: 216162199b28c13a410421893ffa2e32 -> 
  custom:video-decoder-ogg-theora: a1e56fd34408186e4bbccfd4996cb3dc -> 
  custom:container-muxer-webm: aa71ff27fc2769a1b78a27578f13a17b -> 
  custom:container-demuxer-webm: 4f35f7cbe854078d1ac9338744f61a02 -> 
  custom:container-demuxer-ogg: 62fdf1f143b41e24485cea50d1cbac27 -> 
  custom:video-encoder-webm-vp8: eb34c28f22e8b96e1ab97ce403110664 -> 
  custom:video-decoder-webm-vp8: 9c59270c3fd7afecdb556c50c9e8de78 -> 
  custom:audio-decoder-ogg-vorbis: bf7c407c2cedff20999df2af8eb42d56 -> 
  custom:audio-encoder-webm-vorbis: bf7c407c2cedff20999df2af8eb42d56 -> 
========================================================================
Received Prepare
Registering precompiled user dll's ...
Registered in 0.023614 seconds.
Begin MonoManager ReloadAssembly
Symbol file LoadedFromMemory doesn't match image C:\Users\s1809503\Documents\GitHub\Espion-Action\GrappleHook\Library\PackageCache\com.unity.visualscripting@1.6.1\Editor\VisualScripting.Core\Dependencies\YamlDotNet\Unity.VisualScripting.YamlDotNet.dll
Symbol file LoadedFromMemory doesn't match image C:\Users\s1809503\Documents\GitHub\Espion-Action\GrappleHook\Library\PackageCache\com.unity.visualscripting@1.6.1\Editor\VisualScripting.Core\Dependencies\DotNetZip\Unity.VisualScripting.IonicZip.dll
Native extension for Lumin target not found
Native extension for LinuxStandalone target not found
Native extension for WindowsStandalone target not found
Native extension for OSXStandalone target not found
Native extension for WebGL target not found
Refreshing native plugins compatible for Editor in 1.35 ms, found 3 plugins.
Preloading 0 native plugins for Editor in 0.00 ms.
Mono: successfully reloaded assembly
- Completed reload, in  1.665 seconds
Domain Reload Profiling:
	ReloadAssembly (1665ms)
		BeginReloadAssembly (273ms)
			ExecutionOrderSort (0ms)
			DisableScriptedObjects (5ms)
			BackupInstance (0ms)
			ReleaseScriptingObjects (0ms)
			CreateAndSetChildDomain (48ms)
		EndReloadAssembly (1300ms)
			LoadAssemblies (288ms)
			RebuildTransferFunctionScriptingTraits (0ms)
			SetupTypeCache (487ms)
			ReleaseScriptCaches (1ms)
			RebuildScriptCaches (54ms)
			SetupLoadedEditorAssemblies (439ms)
				LogAssemblyErrors (0ms)
				InitializePlatformSupportModulesInManaged (11ms)
				SetLoadedEditorAssemblies (0ms)
				RefreshPlugins (1ms)
				BeforeProcessingInitializeOnLoad (87ms)
				ProcessInitializeOnLoadAttributes (320ms)
				ProcessInitializeOnLoadMethodAttributes (8ms)
				AfterProcessingInitializeOnLoad (12ms)
				EditorAssembliesLoaded (0ms)
			ExecutionOrderSort2 (0ms)
			AwakeInstancesAfterBackupRestoration (9ms)
Platform modules already initialized, skipping
Refreshing native plugins compatible for Editor in 1.09 ms, found 3 plugins.
Preloading 0 native plugins for Editor in 0.00 ms.
Unloading 3525 Unused Serialized files (Serialized files now loaded: 0)
System memory in use before: 153.2 MB.
System memory in use after: 153.4 MB.

Unloading 21 unused Assets to reduce memory usage. Loaded Objects now: 4080.
Total: 7.800400 ms (FindLiveObjects: 0.400900 ms CreateObjectMapping: 0.218800 ms MarkObjects: 6.984900 ms  DeleteObjects: 0.194000 ms)

AssetImportParameters requested are different than current active one (requested -> active):
  custom:framework-win-MediaFoundation: 216162199b28c13a410421893ffa2e32 -> 
  custom:video-decoder-ogg-theora: a1e56fd34408186e4bbccfd4996cb3dc -> 
  custom:container-muxer-webm: aa71ff27fc2769a1b78a27578f13a17b -> 
  custom:container-demuxer-webm: 4f35f7cbe854078d1ac9338744f61a02 -> 
  custom:container-demuxer-ogg: 62fdf1f143b41e24485cea50d1cbac27 -> 
  custom:video-encoder-webm-vp8: eb34c28f22e8b96e1ab97ce403110664 -> 
  custom:video-decoder-webm-vp8: 9c59270c3fd7afecdb556c50c9e8de78 -> 
  custom:audio-decoder-ogg-vorbis: bf7c407c2cedff20999df2af8eb42d56 -> 
  custom:audio-encoder-webm-vorbis: bf7c407c2cedff20999df2af8eb42d56 -> 
========================================================================
Received Import Request.
  Time since last request: 150.492605 seconds.
  path: Assets/Animations/Mr Rius/RiusBackwards Walk.anim
  artifactKey: Guid(86e7137abc4366d45a50ef994f68c7b2) Importer(815301076,1909f56bfc062723c751e8b465ee728b)
Start importing Assets/Animations/Mr Rius/RiusBackwards Walk.anim using Guid(86e7137abc4366d45a50ef994f68c7b2) Importer(815301076,1909f56bfc062723c751e8b465ee728b)  -> (artifact id: 'aab0d23d1fa72db1f080713e492f9668') in 0.028055 seconds 
========================================================================
Received Import Request.
  Time since last request: 4.265807 seconds.
  path: Assets/Animations/Mr Rius/RiusBriefcase Backwards Walk.anim
  artifactKey: Guid(437c9ddca8744444a9cee5127265004e) Importer(815301076,1909f56bfc062723c751e8b465ee728b)
Start importing Assets/Animations/Mr Rius/RiusBriefcase Backwards Walk.anim using Guid(437c9ddca8744444a9cee5127265004e) Importer(815301076,1909f56bfc062723c751e8b465ee728b)  -> (artifact id: '2de63d3e0ed9457b3884eb0e1fa44257') in 0.012743 seconds 
========================================================================
Received Import Request.
  Time since last request: 161.092460 seconds.
  path: Assets/Pete/Scenes/Tutorial.unity
  artifactKey: Guid(1375804765ba6d34c987b04fc50e7287) Importer(815301076,1909f56bfc062723c751e8b465ee728b)
Start importing Assets/Pete/Scenes/Tutorial.unity using Guid(1375804765ba6d34c987b04fc50e7287) Importer(815301076,1909f56bfc062723c751e8b465ee728b)  -> (artifact id: 'caeb2c24e5f9fcc5c3570c5fe5e06f23') in 0.008309 seconds 
========================================================================
Received Import Request.
  Time since last request: 54.810378 seconds.
  path: Assets/Sounds/Death
  artifactKey: Guid(0d74ee2601ababd4db6706c7a8d26ac1) Importer(815301076,1909f56bfc062723c751e8b465ee728b)
Start importing Assets/Sounds/Death using Guid(0d74ee2601ababd4db6706c7a8d26ac1) Importer(815301076,1909f56bfc062723c751e8b465ee728b)  -> (artifact id: '695581a256717bdc056b720acea8b3fe') in 0.008931 seconds 
========================================================================
Received Import Request.
  Time since last request: 0.052740 seconds.
  path: Assets/Sounds/Death/Death1 1.wav
  artifactKey: Guid(a90e72806f0a4aa458af810b89282438) Importer(815301076,1909f56bfc062723c751e8b465ee728b)
Start importing Assets/Sounds/Death/Death1 1.wav using Guid(a90e72806f0a4aa458af810b89282438) Importer(815301076,1909f56bfc062723c751e8b465ee728b)  -> (artifact id: '63c6e5feb4374544b058b1440e7cdae9') in 0.054538 seconds 
========================================================================
Received Import Request.
  Time since last request: 0.000462 seconds.
  path: Assets/Sounds/Death/Death3 1.wav
  artifactKey: Guid(af7caf26fcb744c43af3c2783ab0aae0) Importer(815301076,1909f56bfc062723c751e8b465ee728b)
Start importing Assets/Sounds/Death/Death3 1.wav using Guid(af7caf26fcb744c43af3c2783ab0aae0) Importer(815301076,1909f56bfc062723c751e8b465ee728b)  -> (artifact id: '700b386873f36fd68f3fefc19ad053eb') in 0.019536 seconds 
========================================================================
Received Import Request.
  Time since last request: 0.000488 seconds.
  path: Assets/Sounds/Death/Death2.wav
  artifactKey: Guid(bac677b0047cc7f4ab081a3c96926fee) Importer(815301076,1909f56bfc062723c751e8b465ee728b)
Start importing Assets/Sounds/Death/Death2.wav using Guid(bac677b0047cc7f4ab081a3c96926fee) Importer(815301076,1909f56bfc062723c751e8b465ee728b)  -> (artifact id: '37ca41aa089595111afcff467219afd8') in 0.038917 seconds 
========================================================================
Received Import Request.
  Time since last request: 9.540304 seconds.
  path: Assets/Sounds/SoundsInGame
  artifactKey: Guid(d1a2e53910f03b749a0e336719272c96) Importer(815301076,1909f56bfc062723c751e8b465ee728b)
Start importing Assets/Sounds/SoundsInGame using Guid(d1a2e53910f03b749a0e336719272c96) Importer(815301076,1909f56bfc062723c751e8b465ee728b)  -> (artifact id: 'bc317f9dc24be6fa726a9f4cdf516dfe') in 0.008202 seconds 
========================================================================
Received Import Request.
  Time since last request: 0.066825 seconds.
  path: Assets/Sounds/SoundsInGame/Dash.mp3
  artifactKey: Guid(99c9c1c90a458c443ab7fc93cb7ac5c2) Importer(815301076,1909f56bfc062723c751e8b465ee728b)
Start importing Assets/Sounds/SoundsInGame/Dash.mp3 using Guid(99c9c1c90a458c443ab7fc93cb7ac5c2) Importer(815301076,1909f56bfc062723c751e8b465ee728b)  -> (artifact id: 'afa53f94c99c9284fb3960637a0e4785') in 0.022718 seconds 
========================================================================
Received Import Request.
  Time since last request: 0.000426 seconds.
  path: Assets/Sounds/SoundsInGame/GrappleGunStart.mp3
  artifactKey: Guid(870ef97ea996f584b87211256b2f7512) Importer(815301076,1909f56bfc062723c751e8b465ee728b)
Start importing Assets/Sounds/SoundsInGame/GrappleGunStart.mp3 using Guid(870ef97ea996f584b87211256b2f7512) Importer(815301076,1909f56bfc062723c751e8b465ee728b)  -> (artifact id: '79f20895b62e2854f4b574c9f17bc62b') in 0.018017 seconds 
========================================================================
Received Import Request.
  Time since last request: 0.000550 seconds.
  path: Assets/Sounds/SoundsInGame/Death3.wav
  artifactKey: Guid(4c2b23199160b874a94034adff24dfce) Importer(815301076,1909f56bfc062723c751e8b465ee728b)
Start importing Assets/Sounds/SoundsInGame/Death3.wav using Guid(4c2b23199160b874a94034adff24dfce) Importer(815301076,1909f56bfc062723c751e8b465ee728b)  -> (artifact id: '4cc47e2384ebf5a4be785c2608261fd1') in 0.017837 seconds 
========================================================================
Received Import Request.
  Time since last request: 0.000377 seconds.
  path: Assets/Sounds/SoundsInGame/JumpLanding.mp3
  artifactKey: Guid(88dc9253c76d8f0419eb90c48c2b136e) Importer(815301076,1909f56bfc062723c751e8b465ee728b)
Start importing Assets/Sounds/SoundsInGame/JumpLanding.mp3 using Guid(88dc9253c76d8f0419eb90c48c2b136e) Importer(815301076,1909f56bfc062723c751e8b465ee728b)  -> (artifact id: 'b4c0ba4a37c9eb82578d4348d36df2c0') in 0.019431 seconds 
========================================================================
Received Import Request.
  Time since last request: 0.000345 seconds.
  path: Assets/Sounds/SoundsInGame/GrapplingLine.wav
  artifactKey: Guid(be55d102bf873f649bd009c2a98c0af9) Importer(815301076,1909f56bfc062723c751e8b465ee728b)
Start importing Assets/Sounds/SoundsInGame/GrapplingLine.wav using Guid(be55d102bf873f649bd009c2a98c0af9) Importer(815301076,1909f56bfc062723c751e8b465ee728b)  -> (artifact id: '830484dd4a4b9f9bedce8e33b632ce73') in 0.020381 seconds 
========================================================================
Received Import Request.
  Time since last request: 0.000383 seconds.
  path: Assets/Sounds/SoundsInGame/Victory2.wav
  artifactKey: Guid(d35b9a54d5bf1fe4086c01d2162d0705) Importer(815301076,1909f56bfc062723c751e8b465ee728b)
Start importing Assets/Sounds/SoundsInGame/Victory2.wav using Guid(d35b9a54d5bf1fe4086c01d2162d0705) Importer(815301076,1909f56bfc062723c751e8b465ee728b)  -> (artifact id: '49df7d1e613b88e44f429b9df4764fdc') in 0.025218 seconds 
========================================================================
Received Import Request.
  Time since last request: 0.000421 seconds.
  path: Assets/Sounds/SoundsInGame/Death1.wav
  artifactKey: Guid(a381926abf6e79f45ad4922186bd9d37) Importer(815301076,1909f56bfc062723c751e8b465ee728b)
Start importing Assets/Sounds/SoundsInGame/Death1.wav using Guid(a381926abf6e79f45ad4922186bd9d37) Importer(815301076,1909f56bfc062723c751e8b465ee728b)  -> (artifact id: '3652d6d9dcbcac0d14575e8bc5fa5242') in 0.016861 seconds 
========================================================================
Received Import Request.
  Time since last request: 0.000407 seconds.
  path: Assets/Sounds/SoundsInGame/Steps.mp3
  artifactKey: Guid(8fed97304d9df6942b7ec8cb62e0fc8b) Importer(815301076,1909f56bfc062723c751e8b465ee728b)
Start importing Assets/Sounds/SoundsInGame/Steps.mp3 using Guid(8fed97304d9df6942b7ec8cb62e0fc8b) Importer(815301076,1909f56bfc062723c751e8b465ee728b)  -> (artifact id: 'cbcbc8f443ceef3e147170189dbadc7e') in 0.015714 seconds 
========================================================================
Received Import Request.
  Time since last request: 0.000402 seconds.
  path: Assets/Sounds/SoundsInGame/GrappleHookEnd.wav
  artifactKey: Guid(cabeb1ad4f271b843b5e421385509476) Importer(815301076,1909f56bfc062723c751e8b465ee728b)
Start importing Assets/Sounds/SoundsInGame/GrappleHookEnd.wav using Guid(cabeb1ad4f271b843b5e421385509476) Importer(815301076,1909f56bfc062723c751e8b465ee728b)  -> (artifact id: 'a5d100598a6500b8fe646062c8b1af0d') in 0.017353 seconds 
========================================================================
Received Import Request.
  Time since last request: 0.000373 seconds.
  path: Assets/Sounds/SoundsInGame/Jump.mp3
  artifactKey: Guid(17250fd77a86167409ad51d9d01920ac) Importer(815301076,1909f56bfc062723c751e8b465ee728b)
Start importing Assets/Sounds/SoundsInGame/Jump.mp3 using Guid(17250fd77a86167409ad51d9d01920ac) Importer(815301076,1909f56bfc062723c751e8b465ee728b)  -> (artifact id: '83346d210ec92a058c38972969459e09') in 0.018010 seconds 
========================================================================
Received Import Request.
  Time since last request: 22.950997 seconds.
  path: Assets/Pete/Resources/Player3DBames.prefab
  artifactKey: Guid(ff76eadc5d6a8b14a8df4201f9a7811e) Importer(815301076,1909f56bfc062723c751e8b465ee728b)
Start importing Assets/Pete/Resources/Player3DBames.prefab using Guid(ff76eadc5d6a8b14a8df4201f9a7811e) Importer(815301076,1909f56bfc062723c751e8b465ee728b)  -> (artifact id: '7fcfea1711d8ce2570b4fc7fe431664c') in 0.216016 seconds 
========================================================================
Received Import Request.
  Time since last request: 4.410274 seconds.
  path: Assets/Pete/Resources/Player3DMissDirection.prefab
  artifactKey: Guid(e2f764266209f414ab8f150c1a03aff1) Importer(815301076,1909f56bfc062723c751e8b465ee728b)
Start importing Assets/Pete/Resources/Player3DMissDirection.prefab using Guid(e2f764266209f414ab8f150c1a03aff1) Importer(815301076,1909f56bfc062723c751e8b465ee728b)  -> (artifact id: 'a9739392df18614a286877407d5e834d') in 0.254526 seconds 
========================================================================
Received Import Request.
  Time since last request: 3.903654 seconds.
  path: Assets/Pete/Resources/Player3DRius.prefab
  artifactKey: Guid(ed7acf71e8267da43841b6f10e260470) Importer(815301076,1909f56bfc062723c751e8b465ee728b)
Start importing Assets/Pete/Resources/Player3DRius.prefab using Guid(ed7acf71e8267da43841b6f10e260470) Importer(815301076,1909f56bfc062723c751e8b465ee728b)  -> (artifact id: '646baaeeae136999d8151440c656e347') in 0.168015 seconds 
========================================================================
Received Import Request.
  Time since last request: 4.506507 seconds.
  path: Assets/Pete/Scripts
  artifactKey: Guid(bdfe4e5df69e2d34a927ee50392af45b) Importer(815301076,1909f56bfc062723c751e8b465ee728b)
Start importing Assets/Pete/Scripts using Guid(bdfe4e5df69e2d34a927ee50392af45b) Importer(815301076,1909f56bfc062723c751e8b465ee728b)  -> (artifact id: 'd94a0a642612d962033ceb40e6a2a5d0') in 0.008360 seconds 
========================================================================
Received Import Request.
  Time since last request: 1.719118 seconds.
  path: Assets/Pete/Scenes/Lobby.unity
  artifactKey: Guid(18a820e0ea7ebd445ad944556139dcf9) Importer(815301076,1909f56bfc062723c751e8b465ee728b)
Start importing Assets/Pete/Scenes/Lobby.unity using Guid(18a820e0ea7ebd445ad944556139dcf9) Importer(815301076,1909f56bfc062723c751e8b465ee728b)  -> (artifact id: '1a90501b2037bd2cc68c74d6ca4dce33') in 0.007592 seconds 
========================================================================
Received Prepare
Registering precompiled user dll's ...
Registered in 0.021779 seconds.
Begin MonoManager ReloadAssembly
Symbol file LoadedFromMemory doesn't match image C:\Users\s1809503\Documents\GitHub\Espion-Action\GrappleHook\Library\PackageCache\com.unity.visualscripting@1.6.1\Editor\VisualScripting.Core\Dependencies\YamlDotNet\Unity.VisualScripting.YamlDotNet.dll
Symbol file LoadedFromMemory doesn't match image C:\Users\s1809503\Documents\GitHub\Espion-Action\GrappleHook\Library\PackageCache\com.unity.visualscripting@1.6.1\Editor\VisualScripting.Core\Dependencies\DotNetZip\Unity.VisualScripting.IonicZip.dll
Native extension for Lumin target not found
Native extension for LinuxStandalone target not found
Native extension for WindowsStandalone target not found
Native extension for OSXStandalone target not found
Native extension for WebGL target not found
Refreshing native plugins compatible for Editor in 1.39 ms, found 3 plugins.
Preloading 0 native plugins for Editor in 0.00 ms.
Mono: successfully reloaded assembly
- Completed reload, in  1.823 seconds
Domain Reload Profiling:
	ReloadAssembly (1823ms)
		BeginReloadAssembly (320ms)
			ExecutionOrderSort (0ms)
			DisableScriptedObjects (4ms)
			BackupInstance (0ms)
			ReleaseScriptingObjects (0ms)
			CreateAndSetChildDomain (66ms)
		EndReloadAssembly (1432ms)
			LoadAssemblies (353ms)
			RebuildTransferFunctionScriptingTraits (0ms)
			SetupTypeCache (396ms)
			ReleaseScriptCaches (2ms)
			RebuildScriptCaches (126ms)
			SetupLoadedEditorAssemblies (422ms)
				LogAssemblyErrors (0ms)
				InitializePlatformSupportModulesInManaged (20ms)
				SetLoadedEditorAssemblies (1ms)
				RefreshPlugins (2ms)
				BeforeProcessingInitializeOnLoad (121ms)
				ProcessInitializeOnLoadAttributes (263ms)
				ProcessInitializeOnLoadMethodAttributes (6ms)
				AfterProcessingInitializeOnLoad (9ms)
				EditorAssembliesLoaded (0ms)
			ExecutionOrderSort2 (0ms)
			AwakeInstancesAfterBackupRestoration (7ms)
Platform modules already initialized, skipping
Refreshing native plugins compatible for Editor in 0.79 ms, found 3 plugins.
Preloading 0 native plugins for Editor in 0.00 ms.
Unloading 3525 Unused Serialized files (Serialized files now loaded: 0)
System memory in use before: 153.4 MB.
System memory in use after: 153.6 MB.

Unloading 23 unused Assets to reduce memory usage. Loaded Objects now: 4086.
Total: 2.931900 ms (FindLiveObjects: 0.275000 ms CreateObjectMapping: 0.178400 ms MarkObjects: 2.352100 ms  DeleteObjects: 0.125500 ms)

AssetImportParameters requested are different than current active one (requested -> active):
  custom:framework-win-MediaFoundation: 216162199b28c13a410421893ffa2e32 -> 
  custom:video-decoder-ogg-theora: a1e56fd34408186e4bbccfd4996cb3dc -> 
  custom:container-muxer-webm: aa71ff27fc2769a1b78a27578f13a17b -> 
  custom:container-demuxer-webm: 4f35f7cbe854078d1ac9338744f61a02 -> 
  custom:container-demuxer-ogg: 62fdf1f143b41e24485cea50d1cbac27 -> 
  custom:video-encoder-webm-vp8: eb34c28f22e8b96e1ab97ce403110664 -> 
  custom:video-decoder-webm-vp8: 9c59270c3fd7afecdb556c50c9e8de78 -> 
  custom:audio-decoder-ogg-vorbis: bf7c407c2cedff20999df2af8eb42d56 -> 
  custom:audio-encoder-webm-vorbis: bf7c407c2cedff20999df2af8eb42d56 -> 
AssetImportWorkerClient::OnTransportError - code=2 error=End of file
